2024-11-29 12:09:25 - INFO - ========================================================================================================================================================================================================
2024-11-29 12:09:25 - INFO - Evaluating sampling with seed 0...
2024-11-29 12:09:25 - INFO - [TPE_IN] Average regret: 0.3800, Best regret: 0.0000, Score spread: 0.1624, Mahalanobis distance: 3.1803, Gen var: 18.9295, Log likelihood: -15.1476
2024-11-29 12:09:26 - INFO - [TPE_MULTI] Average regret: 0.3733, Best regret: 0.0000, Score spread: 0.1628, Mahalanobis distance: 3.5892, Gen var: 34.4690, Log likelihood: -15.1410
2024-11-29 12:09:26 - INFO - [RANDOM] Average regret: 0.7733, Best regret: 0.0000, Score spread: 0.1557, Mahalanobis distance: 4.3162, Gen var: 286.8441, Log likelihood: -22.9608
2024-11-29 12:09:28 - INFO - [LLAMBO] Average regret: 0.2476, Best regret: 0.0889, Score spread: 0.1221, Mahalanobis distance: 2.2272, Gen var: 0.0000, Log likelihood: -11.6005
2024-11-29 12:09:28 - INFO - Running cot with 300
2024-11-29 12:09:39 - INFO - [LLAMBO_CoT_300] Average regret: 0.1130, Best regret: 0.0667, Score spread: 0.0110, Mahalanobis distance: 2.0804, Gen var: 0.0000, Log likelihood: -8.4306
2024-11-29 12:09:39 - INFO - Running cot with 500
2024-11-29 12:09:57 - INFO - [LLAMBO_CoT_500] Average regret: 0.1741, Best regret: 0.0000, Score spread: 0.0996, Mahalanobis distance: 2.7708, Gen var: 0.0000, Log likelihood: -10.5426
2024-11-29 12:09:57 - INFO - Running cot with 700
2024-11-29 12:10:15 - INFO - [LLAMBO_CoT_700] Average regret: 0.1222, Best regret: 0.0889, Score spread: 0.0091, Mahalanobis distance: 2.0674, Gen var: 0.0000, Log likelihood: -8.2334
2024-11-29 12:10:15 - INFO - Running cot with 1000
2024-11-29 12:10:27 - INFO - [LLAMBO_CoT_1000] Average regret: 0.1131, Best regret: 0.0889, Score spread: 0.0095, Mahalanobis distance: 2.0619, Gen var: 0.0000, Log likelihood: -7.9403
2024-11-29 12:10:27 - INFO - ========================================================================================================================================================================================================
2024-11-29 12:10:27 - INFO - Evaluating sampling with seed 1...
2024-11-29 12:10:27 - INFO - [TPE_IN] Average regret: 0.4667, Best regret: 0.0444, Score spread: 0.1728, Mahalanobis distance: 6.4871, Gen var: 14.4844, Log likelihood: -15.8187
2024-11-29 12:10:28 - INFO - [TPE_MULTI] Average regret: 0.5044, Best regret: 0.0000, Score spread: 0.1783, Mahalanobis distance: 8.3430, Gen var: 28.8678, Log likelihood: -18.2922
2024-11-29 12:10:28 - INFO - [RANDOM] Average regret: 0.8311, Best regret: 0.0889, Score spread: 0.1336, Mahalanobis distance: 11.4097, Gen var: 241.3592, Log likelihood: -26.1606
2024-11-29 12:10:32 - INFO - [LLAMBO] Average regret: 0.2476, Best regret: 0.1111, Score spread: 0.1213, Mahalanobis distance: 3.6415, Gen var: 0.0000, Log likelihood: -14.0273
2024-11-29 12:10:32 - INFO - Running cot with 300
2024-11-29 12:10:44 - INFO - [LLAMBO_CoT_300] Average regret: 0.1152, Best regret: 0.0889, Score spread: 0.0063, Mahalanobis distance: 3.1427, Gen var: 0.0000, Log likelihood: -11.5178
2024-11-29 12:10:44 - INFO - Running cot with 500
