2024-11-29 06:03:14 - INFO - ========================================================================================================================================================================================================
2024-11-29 06:03:14 - INFO - Evaluating sampling with seed 0...
2024-11-29 06:03:15 - INFO - [TPE_IN] Average regret: 0.4436, Best regret: 0.0363, Score spread: 0.0880, Mahalanobis distance: 3.9554, Gen var: 0.6343, Log likelihood: -10.1714
2024-11-29 06:03:15 - INFO - [TPE_MULTI] Average regret: 0.4717, Best regret: 0.0257, Score spread: 0.0941, Mahalanobis distance: 4.1611, Gen var: 1.7370, Log likelihood: -10.0003
2024-11-29 06:03:15 - INFO - [RANDOM] Average regret: 0.7808, Best regret: 0.0156, Score spread: 0.0901, Mahalanobis distance: 5.3509, Gen var: 15.1369, Log likelihood: -13.0379
2024-11-29 06:03:18 - INFO - [LLAMBO] Average regret: 0.1166, Best regret: 0.0113, Score spread: 0.0168, Mahalanobis distance: 4.1478, Gen var: 0.0000, Log likelihood: -8.2758
2024-11-29 06:03:18 - INFO - Running cot with 300
2024-11-29 06:03:34 - INFO - [LLAMBO_CoT_300] Average regret: 0.1245, Best regret: 0.0137, Score spread: 0.0147, Mahalanobis distance: 3.8715, Gen var: 0.0000, Log likelihood: -8.3862
2024-11-29 06:03:34 - INFO - Running cot with 500
2024-11-29 06:03:53 - INFO - [LLAMBO_CoT_500] Average regret: 0.1103, Best regret: 0.0137, Score spread: 0.0115, Mahalanobis distance: 3.3098, Gen var: 0.0000, Log likelihood: -7.9549
2024-11-29 06:03:53 - INFO - Running cot with 700
2024-11-29 06:04:17 - INFO - [LLAMBO_CoT_700] Average regret: 0.1212, Best regret: 0.0137, Score spread: 0.0125, Mahalanobis distance: 3.6745, Gen var: 0.0000, Log likelihood: -8.2640
2024-11-29 06:04:17 - INFO - Running cot with 1000
2024-11-29 06:04:38 - INFO - [LLAMBO_CoT_1000] Average regret: 0.1271, Best regret: 0.0137, Score spread: 0.0177, Mahalanobis distance: 3.7315, Gen var: 0.0000, Log likelihood: -8.2677
2024-11-29 06:04:38 - INFO - ========================================================================================================================================================================================================
2024-11-29 06:04:38 - INFO - Evaluating sampling with seed 1...
2024-11-29 06:04:38 - INFO - [TPE_IN] Average regret: 0.5781, Best regret: 0.0363, Score spread: 0.0904, Mahalanobis distance: 8.5396, Gen var: 5.5178, Log likelihood: -13.0351
2024-11-29 06:04:39 - INFO - [TPE_MULTI] Average regret: 0.5865, Best regret: 0.1537, Score spread: 0.0789, Mahalanobis distance: 6.2323, Gen var: 9.6752, Log likelihood: -11.7756
2024-11-29 06:04:39 - INFO - [RANDOM] Average regret: 0.8495, Best regret: 0.0060, Score spread: 0.0751, Mahalanobis distance: 10.4962, Gen var: 172.7048, Log likelihood: -21.5086
2024-11-29 06:04:41 - INFO - [LLAMBO] Average regret: 0.2411, Best regret: 0.1161, Score spread: 0.0105, Mahalanobis distance: 2.5773, Gen var: 0.0000, Log likelihood: -7.8427
2024-11-29 06:04:41 - INFO - Running cot with 300
2024-11-29 06:05:03 - INFO - [LLAMBO_CoT_300] Average regret: 0.2308, Best regret: 0.1179, Score spread: 0.0106, Mahalanobis distance: 2.9462, Gen var: 0.0000, Log likelihood: -8.0661
2024-11-29 06:05:03 - INFO - Running cot with 500
2024-11-29 06:05:28 - INFO - [LLAMBO_CoT_500] Average regret: 0.2279, Best regret: 0.1224, Score spread: 0.0171, Mahalanobis distance: 2.9453, Gen var: 0.0000, Log likelihood: -8.0801
2024-11-29 06:05:28 - INFO - Running cot with 700
2024-11-29 06:06:01 - INFO - [LLAMBO_CoT_700] Average regret: 0.1946, Best regret: 0.1139, Score spread: 0.0130, Mahalanobis distance: 3.5731, Gen var: 0.0000, Log likelihood: -7.9998
2024-11-29 06:06:01 - INFO - Running cot with 1000
2024-11-29 06:06:25 - INFO - [LLAMBO_CoT_1000] Average regret: 0.2412, Best regret: 0.1384, Score spread: 0.0189, Mahalanobis distance: 2.8104, Gen var: 0.0000, Log likelihood: -7.8939
2024-11-29 06:06:25 - INFO - ========================================================================================================================================================================================================
2024-11-29 06:06:25 - INFO - Evaluating sampling with seed 2...
2024-11-29 06:06:26 - INFO - [TPE_IN] Average regret: 0.4544, Best regret: 0.0246, Score spread: 0.0996, Mahalanobis distance: 4.1429, Gen var: 0.3217, Log likelihood: -9.2198
2024-11-29 06:06:26 - INFO - [TPE_MULTI] Average regret: 0.3228, Best regret: 0.0000, Score spread: 0.0937, Mahalanobis distance: 3.7524, Gen var: 0.1851, Log likelihood: -8.9593
2024-11-29 06:06:26 - INFO - [RANDOM] Average regret: 0.8637, Best regret: 0.2859, Score spread: 0.0580, Mahalanobis distance: 5.7341, Gen var: 3.8958, Log likelihood: -11.9246
2024-11-29 06:06:30 - INFO - [LLAMBO] Average regret: 0.1162, Best regret: 0.0423, Score spread: 0.0100, Mahalanobis distance: 1.8417, Gen var: 0.0000, Log likelihood: -7.7831
2024-11-29 06:06:30 - INFO - Running cot with 300
2024-11-29 06:06:51 - INFO - [LLAMBO_CoT_300] Average regret: 0.1152, Best regret: 0.0137, Score spread: 0.0136, Mahalanobis distance: 2.1108, Gen var: 0.0000, Log likelihood: -8.0017
2024-11-29 06:06:51 - INFO - Running cot with 500
2024-11-29 06:07:12 - INFO - [LLAMBO_CoT_500] Average regret: 0.0835, Best regret: 0.0403, Score spread: 0.0089, Mahalanobis distance: 2.1822, Gen var: 0.0000, Log likelihood: -8.0213
2024-11-29 06:07:12 - INFO - Running cot with 700
2024-11-29 06:07:35 - INFO - [LLAMBO_CoT_700] Average regret: 0.1150, Best regret: 0.0137, Score spread: 0.0175, Mahalanobis distance: 1.9934, Gen var: 0.0000, Log likelihood: -7.8438
2024-11-29 06:07:35 - INFO - Running cot with 1000
2024-11-29 06:08:01 - INFO - [LLAMBO_CoT_1000] Average regret: 0.1160, Best regret: 0.0269, Score spread: 0.0128, Mahalanobis distance: 2.0085, Gen var: 0.0000, Log likelihood: -7.9842
2024-11-29 06:08:01 - INFO - ========================================================================================================================================================================================================
2024-11-29 06:08:01 - INFO - Evaluating sampling with seed 3...
2024-11-29 06:08:02 - INFO - [TPE_IN] Average regret: 0.5065, Best regret: 0.0355, Score spread: 0.1039, Mahalanobis distance: 3.7229, Gen var: 0.1165, Log likelihood: -9.7496
2024-11-29 06:08:02 - INFO - [TPE_MULTI] Average regret: 0.3951, Best regret: 0.0000, Score spread: 0.0963, Mahalanobis distance: 3.4330, Gen var: 0.3320, Log likelihood: -9.2783
2024-11-29 06:08:02 - INFO - [RANDOM] Average regret: 0.8534, Best regret: 0.1093, Score spread: 0.0771, Mahalanobis distance: 5.0170, Gen var: 2.9554, Log likelihood: -12.2697
2024-11-29 06:08:05 - INFO - [LLAMBO] Average regret: 0.0901, Best regret: 0.0424, Score spread: 0.0069, Mahalanobis distance: 1.9269, Gen var: 0.0000, Log likelihood: -7.7600
2024-11-29 06:08:05 - INFO - Running cot with 300
2024-11-29 06:08:23 - INFO - [LLAMBO_CoT_300] Average regret: 0.1046, Best regret: 0.0393, Score spread: 0.0104, Mahalanobis distance: 2.1060, Gen var: 0.0000, Log likelihood: -7.6256
2024-11-29 06:08:23 - INFO - Running cot with 500
2024-11-29 06:08:43 - INFO - [LLAMBO_CoT_500] Average regret: 0.0808, Best regret: 0.0113, Score spread: 0.0119, Mahalanobis distance: 1.7902, Gen var: 0.0000, Log likelihood: -7.4738
2024-11-29 06:08:43 - INFO - Running cot with 700
2024-11-29 06:09:06 - INFO - [LLAMBO_CoT_700] Average regret: 0.0948, Best regret: 0.0113, Score spread: 0.0145, Mahalanobis distance: 2.2118, Gen var: 0.0000, Log likelihood: -7.9142
2024-11-29 06:09:06 - INFO - Running cot with 1000
2024-11-29 06:09:36 - INFO - [LLAMBO_CoT_1000] Average regret: 0.0781, Best regret: 0.0137, Score spread: 0.0104, Mahalanobis distance: 1.8614, Gen var: 0.0000, Log likelihood: -7.5313
2024-11-29 06:09:36 - INFO - ========================================================================================================================================================================================================
2024-11-29 06:09:36 - INFO - Evaluating sampling with seed 4...
2024-11-29 06:09:37 - INFO - [TPE_IN] Average regret: 0.6723, Best regret: 0.0363, Score spread: 0.1005, Mahalanobis distance: 7.1968, Gen var: 1.1804, Log likelihood: -10.7977
2024-11-29 06:09:37 - INFO - [TPE_MULTI] Average regret: 0.4574, Best regret: 0.0119, Score spread: 0.1012, Mahalanobis distance: 5.6125, Gen var: 1.0995, Log likelihood: -9.3940
2024-11-29 06:09:37 - INFO - [RANDOM] Average regret: 0.7353, Best regret: 0.1092, Score spread: 0.0838, Mahalanobis distance: 7.5832, Gen var: 6.1420, Log likelihood: -11.6548
2024-11-29 06:09:40 - INFO - [LLAMBO] Average regret: 0.1199, Best regret: 0.0218, Score spread: 0.0149, Mahalanobis distance: 3.9494, Gen var: 0.0000, Log likelihood: -8.0783
2024-11-29 06:09:40 - INFO - Running cot with 300
2024-11-29 06:09:58 - INFO - [LLAMBO_CoT_300] Average regret: 0.0755, Best regret: 0.0269, Score spread: 0.0096, Mahalanobis distance: 3.5315, Gen var: 0.0000, Log likelihood: -8.0038
2024-11-29 06:09:58 - INFO - Running cot with 500
2024-11-29 06:10:25 - INFO - [LLAMBO_CoT_500] Average regret: 0.0937, Best regret: 0.0269, Score spread: 0.0137, Mahalanobis distance: 4.4644, Gen var: 0.0000, Log likelihood: -8.3706
2024-11-29 06:10:25 - INFO - Running cot with 700
2024-11-29 06:10:56 - INFO - [LLAMBO_CoT_700] Average regret: 0.1053, Best regret: 0.0275, Score spread: 0.0143, Mahalanobis distance: 4.5890, Gen var: 0.0000, Log likelihood: -8.1769
2024-11-29 06:10:56 - INFO - Running cot with 1000
2024-11-29 06:11:18 - INFO - [LLAMBO_CoT_1000] Average regret: 0.0784, Best regret: 0.0213, Score spread: 0.0130, Mahalanobis distance: 4.3329, Gen var: 0.0000, Log likelihood: -8.2894
2024-11-29 06:11:18 - INFO - ========================================================================================================================================================================================================
2024-11-29 06:11:18 - INFO - [LLAMBO] 5 evaluation runs complete! Total cost: $0.0459
