2024-11-29 06:11:34 - INFO - ========================================================================================================================================================================================================
2024-11-29 06:11:34 - INFO - Evaluating sampling with seed 0...
2024-11-29 06:11:35 - INFO - [TPE_IN] Average regret: 0.3476, Best regret: 0.0150, Score spread: 0.0938, Mahalanobis distance: 2.5912, Gen var: 0.2579, Log likelihood: -9.3371
2024-11-29 06:11:35 - INFO - [TPE_MULTI] Average regret: 0.3729, Best regret: 0.0103, Score spread: 0.0860, Mahalanobis distance: 2.6661, Gen var: 0.3028, Log likelihood: -8.7958
2024-11-29 06:11:35 - INFO - [RANDOM] Average regret: 0.7808, Best regret: 0.0156, Score spread: 0.0901, Mahalanobis distance: 3.8026, Gen var: 8.3068, Log likelihood: -11.8764
2024-11-29 06:11:38 - INFO - [LLAMBO] Average regret: 0.0969, Best regret: 0.0190, Score spread: 0.0127, Mahalanobis distance: 2.1075, Gen var: 0.0000, Log likelihood: -8.1136
2024-11-29 06:11:38 - INFO - Running cot with 300
2024-11-29 06:11:57 - INFO - [LLAMBO_CoT_300] Average regret: 0.0986, Best regret: 0.0000, Score spread: 0.0156, Mahalanobis distance: 2.2507, Gen var: 0.0000, Log likelihood: -8.1457
2024-11-29 06:11:57 - INFO - Running cot with 500
2024-11-29 06:12:39 - INFO - [LLAMBO_CoT_500] Average regret: 0.0840, Best regret: 0.0000, Score spread: 0.0158, Mahalanobis distance: 2.1657, Gen var: 0.0000, Log likelihood: -7.9089
2024-11-29 06:12:39 - INFO - Running cot with 700
2024-11-29 06:12:57 - INFO - [LLAMBO_CoT_700] Average regret: 0.0887, Best regret: 0.0081, Score spread: 0.0104, Mahalanobis distance: 2.3599, Gen var: 0.0000, Log likelihood: -7.9919
2024-11-29 06:12:57 - INFO - Running cot with 1000
2024-11-29 06:13:15 - INFO - [LLAMBO_CoT_1000] Average regret: 0.0875, Best regret: 0.0000, Score spread: 0.0140, Mahalanobis distance: 2.0420, Gen var: 0.0000, Log likelihood: -8.0108
2024-11-29 06:13:15 - INFO - ========================================================================================================================================================================================================
2024-11-29 06:13:15 - INFO - Evaluating sampling with seed 1...
2024-11-29 06:13:15 - INFO - [TPE_IN] Average regret: 0.4818, Best regret: 0.0444, Score spread: 0.1001, Mahalanobis distance: 2.8411, Gen var: 0.3046, Log likelihood: -9.6842
2024-11-29 06:13:16 - INFO - [TPE_MULTI] Average regret: 0.3768, Best regret: 0.0032, Score spread: 0.0877, Mahalanobis distance: 2.9573, Gen var: 1.0742, Log likelihood: -9.6351
2024-11-29 06:13:16 - INFO - [RANDOM] Average regret: 0.8495, Best regret: 0.0060, Score spread: 0.0751, Mahalanobis distance: 4.8045, Gen var: 28.7092, Log likelihood: -15.3012
2024-11-29 06:13:18 - INFO - [LLAMBO] Average regret: 0.1523, Best regret: 0.0677, Score spread: 0.0100, Mahalanobis distance: 1.5823, Gen var: 0.0000, Log likelihood: -7.8201
2024-11-29 06:13:18 - INFO - Running cot with 300
2024-11-29 06:13:35 - INFO - [LLAMBO_CoT_300] Average regret: 0.1256, Best regret: 0.0137, Score spread: 0.0143, Mahalanobis distance: 1.8075, Gen var: 0.0000, Log likelihood: -7.9417
2024-11-29 06:13:35 - INFO - Running cot with 500
2024-11-29 06:14:04 - INFO - [LLAMBO_CoT_500] Average regret: 0.1150, Best regret: 0.0403, Score spread: 0.0118, Mahalanobis distance: 1.8131, Gen var: 0.0000, Log likelihood: -7.9144
2024-11-29 06:14:04 - INFO - Running cot with 700
2024-11-29 06:14:28 - INFO - [LLAMBO_CoT_700] Average regret: 0.1463, Best regret: 0.0000, Score spread: 0.0407, Mahalanobis distance: 1.9196, Gen var: 0.0000, Log likelihood: -7.9408
2024-11-29 06:14:28 - INFO - Running cot with 1000
2024-11-29 06:14:49 - INFO - [LLAMBO_CoT_1000] Average regret: 0.1339, Best regret: 0.0403, Score spread: 0.0149, Mahalanobis distance: 1.9429, Gen var: 0.0000, Log likelihood: -8.0512
2024-11-29 06:14:49 - INFO - ========================================================================================================================================================================================================
2024-11-29 06:14:49 - INFO - Evaluating sampling with seed 2...
2024-11-29 06:14:49 - INFO - [TPE_IN] Average regret: 0.4095, Best regret: 0.0089, Score spread: 0.0948, Mahalanobis distance: 2.7052, Gen var: 0.2646, Log likelihood: -9.4387
2024-11-29 06:14:49 - INFO - [TPE_MULTI] Average regret: 0.3547, Best regret: 0.0000, Score spread: 0.0805, Mahalanobis distance: 2.1812, Gen var: 0.0873, Log likelihood: -7.9141
2024-11-29 06:14:49 - INFO - [RANDOM] Average regret: 0.8637, Best regret: 0.2859, Score spread: 0.0580, Mahalanobis distance: 3.8346, Gen var: 5.0184, Log likelihood: -11.5334
2024-11-29 06:14:52 - INFO - [LLAMBO] Average regret: 0.1123, Best regret: 0.0426, Score spread: 0.0108, Mahalanobis distance: 1.7702, Gen var: 0.0000, Log likelihood: -8.0500
2024-11-29 06:14:52 - INFO - Running cot with 300
2024-11-29 06:15:13 - INFO - [LLAMBO_CoT_300] Average regret: 0.1056, Best regret: 0.0403, Score spread: 0.0132, Mahalanobis distance: 1.7333, Gen var: 0.0000, Log likelihood: -8.0698
2024-11-29 06:15:13 - INFO - Running cot with 500
2024-11-29 06:15:35 - INFO - [LLAMBO_CoT_500] Average regret: 0.1037, Best regret: 0.0137, Score spread: 0.0124, Mahalanobis distance: 1.8090, Gen var: 0.0000, Log likelihood: -8.0616
2024-11-29 06:15:35 - INFO - Running cot with 700
2024-11-29 06:16:03 - INFO - [LLAMBO_CoT_700] Average regret: 0.1036, Best regret: 0.0113, Score spread: 0.0163, Mahalanobis distance: 2.0208, Gen var: 0.0000, Log likelihood: -8.2024
2024-11-29 06:16:03 - INFO - Running cot with 1000
2024-11-29 06:16:29 - INFO - [LLAMBO_CoT_1000] Average regret: 0.1072, Best regret: 0.0137, Score spread: 0.0178, Mahalanobis distance: 1.8391, Gen var: 0.0000, Log likelihood: -8.0452
2024-11-29 06:16:29 - INFO - ========================================================================================================================================================================================================
2024-11-29 06:16:29 - INFO - Evaluating sampling with seed 3...
2024-11-29 06:16:30 - INFO - [TPE_IN] Average regret: 0.3113, Best regret: 0.0380, Score spread: 0.0858, Mahalanobis distance: 2.4241, Gen var: 0.0633, Log likelihood: -8.9184
2024-11-29 06:16:30 - INFO - [TPE_MULTI] Average regret: 0.2475, Best regret: 0.0000, Score spread: 0.0757, Mahalanobis distance: 2.5833, Gen var: 0.2977, Log likelihood: -8.7730
2024-11-29 06:16:30 - INFO - [RANDOM] Average regret: 0.8534, Best regret: 0.1093, Score spread: 0.0771, Mahalanobis distance: 4.1054, Gen var: 4.4780, Log likelihood: -12.9935
2024-11-29 06:16:33 - INFO - [LLAMBO] Average regret: 0.0971, Best regret: 0.0191, Score spread: 0.0083, Mahalanobis distance: 1.9027, Gen var: 0.0000, Log likelihood: -8.6305
2024-11-29 06:16:33 - INFO - Running cot with 300
2024-11-29 06:16:49 - INFO - [LLAMBO_CoT_300] Average regret: 0.0806, Best regret: 0.0137, Score spread: 0.0085, Mahalanobis distance: 1.7094, Gen var: 0.0000, Log likelihood: -8.3345
2024-11-29 06:16:49 - INFO - Running cot with 500
2024-11-29 06:17:07 - INFO - [LLAMBO_CoT_500] Average regret: 0.0810, Best regret: 0.0113, Score spread: 0.0132, Mahalanobis distance: 1.8839, Gen var: 0.0000, Log likelihood: -8.4027
2024-11-29 06:17:07 - INFO - Running cot with 700
2024-11-29 06:17:29 - INFO - [LLAMBO_CoT_700] Average regret: 0.1275, Best regret: 0.0113, Score spread: 0.0537, Mahalanobis distance: 1.7796, Gen var: 0.0000, Log likelihood: -8.5163
2024-11-29 06:17:29 - INFO - Running cot with 1000
2024-11-29 06:17:55 - INFO - [LLAMBO_CoT_1000] Average regret: 0.0888, Best regret: 0.0410, Score spread: 0.0082, Mahalanobis distance: 1.8572, Gen var: 0.0000, Log likelihood: -8.6124
2024-11-29 06:17:55 - INFO - ========================================================================================================================================================================================================
2024-11-29 06:17:55 - INFO - Evaluating sampling with seed 4...
2024-11-29 06:17:55 - INFO - [TPE_IN] Average regret: 0.5317, Best regret: 0.0529, Score spread: 0.1061, Mahalanobis distance: 3.3629, Gen var: 0.1676, Log likelihood: -10.0280
2024-11-29 06:17:56 - INFO - [TPE_MULTI] Average regret: 0.3084, Best regret: 0.0000, Score spread: 0.0866, Mahalanobis distance: 2.9648, Gen var: 0.1423, Log likelihood: -8.4974
2024-11-29 06:17:56 - INFO - [RANDOM] Average regret: 0.7353, Best regret: 0.1092, Score spread: 0.0838, Mahalanobis distance: 4.2739, Gen var: 5.8725, Log likelihood: -11.2167
2024-11-29 06:17:59 - INFO - [LLAMBO] Average regret: 0.0745, Best regret: 0.0223, Score spread: 0.0138, Mahalanobis distance: 2.1597, Gen var: 0.0000, Log likelihood: -7.7313
2024-11-29 06:17:59 - INFO - Running cot with 300
2024-11-29 06:18:11 - INFO - [LLAMBO_CoT_300] Average regret: 0.0823, Best regret: 0.0269, Score spread: 0.0221, Mahalanobis distance: 2.7714, Gen var: 0.0000, Log likelihood: -8.5507
2024-11-29 06:18:11 - INFO - Running cot with 500
