2024-11-30 05:34:47 - INFO - ========================================================================================================================================================================================================
2024-11-30 05:34:47 - INFO - Evaluating Disriminative SM performance on breast with RandomForest and 10 observed configurations... Running 3 runs.
2024-11-30 05:34:47 - INFO - ========================================================================================================================================================================================================
2024-11-30 05:34:47 - INFO - Collecting configurations - this might take a while...
2024-11-30 05:35:03 - INFO - ========================================================================================================================================================================================================
2024-11-30 05:35:03 - INFO - Evaluating SM with seed 0...
2024-11-30 05:35:04 - INFO - [GP] RMSE: 0.5495, R2 score: -2.8863, NLL: -3.9101, Coverage: 0.9000, MACE: 0.1256, Sharpness: 0.2642, Regret: 0.0222
2024-11-30 05:35:04 - INFO - [SMAC] RMSE: 0.3173, R2 score: -0.2956, NLL: -0.5705, Coverage: 0.7000, MACE: 0.0645, Sharpness: 0.0255, Regret: 0.0444
2024-11-30 05:36:04 - INFO - [LLAMBO] RMSE: 0.2825, R2 score: -0.0270, NLL: 2.0244, Coverage: 0.7000, MACE: 0.1031, Sharpness: 0.0203, Regret: 0.0667 | Cost: $0.0992, Time: 60.2760s
2024-11-30 05:39:33 - INFO - [LLAMBO_CoT_500] RMSE: 0.3775, R2 score: -0.8340, NLL: 10.6063, Coverage: 0.0000, MACE: 0.4520, Sharpness: 0.0203, Regret: 0.2444 | Cost: $0.6406, Time: 208.9881s
2024-11-30 05:45:16 - INFO - [LLAMBO_CoT_1000] RMSE: 0.3761, R2 score: -0.8211, NLL: 8.6841, Coverage: 0.0000, MACE: 0.4620, Sharpness: 0.0183, Regret: 0.2444 | Cost: $0.7930, Time: 342.7990s
2024-11-30 05:50:39 - INFO - [LLAMBO_CoT_2000] RMSE: 0.3755, R2 score: -0.8152, NLL: 14.3553, Coverage: 0.0000, MACE: 0.4620, Sharpness: 0.0183, Regret: 0.9333 | Cost: $0.8692, Time: 322.2064s
2024-11-30 05:56:19 - INFO - [LLAMBO_CoT_3000] RMSE: 0.3763, R2 score: -0.8230, NLL: 8.3505, Coverage: 0.0000, MACE: 0.4600, Sharpness: 0.0173, Regret: 0.9333 | Cost: $0.8763, Time: 340.3322s
2024-11-30 05:56:19 - INFO - ========================================================================================================================================================================================================
2024-11-30 05:56:19 - INFO - Evaluating SM with seed 1...
2024-11-30 05:56:19 - INFO - [GP] RMSE: 0.5005, R2 score: -2.2240, NLL: -2.9468, Coverage: 1.0000, MACE: 0.3100, Sharpness: 0.2224, Regret: 0.0222
2024-11-30 05:56:19 - INFO - [SMAC] RMSE: 0.2574, R2 score: 0.1471, NLL: -1.1167, Coverage: 0.9000, MACE: 0.1242, Sharpness: 0.0674, Regret: 0.2444
2024-11-30 05:57:32 - INFO - [LLAMBO] RMSE: 0.2045, R2 score: 0.4618, NLL: -2.4831, Coverage: 0.5000, MACE: 0.1294, Sharpness: 0.0465, Regret: 0.9333 | Cost: $0.1164, Time: 72.3111s
2024-11-30 06:01:32 - INFO - [LLAMBO_CoT_500] RMSE: 0.3568, R2 score: -0.6391, NLL: 11.1377, Coverage: 0.2000, MACE: 0.3196, Sharpness: 0.0590, Regret: 0.0444 | Cost: $0.6408, Time: 239.8452s
2024-11-30 06:06:47 - INFO - [LLAMBO_CoT_1000] RMSE: 0.3692, R2 score: -0.7548, NLL: 19.9511, Coverage: 0.1000, MACE: 0.4050, Sharpness: 0.0349, Regret: 0.2222 | Cost: $0.7928, Time: 315.1423s
2024-11-30 06:12:09 - INFO - [LLAMBO_CoT_2000] RMSE: 0.3765, R2 score: -0.8245, NLL: 17.9560, Coverage: 0.2000, MACE: 0.3331, Sharpness: 0.0409, Regret: 0.0000 | Cost: $0.8592, Time: 321.7304s
2024-11-30 06:19:07 - INFO - [LLAMBO_CoT_3000] RMSE: 0.3568, R2 score: -0.6388, NLL: 2.7869, Coverage: 0.4000, MACE: 0.2050, Sharpness: 0.0566, Regret: 0.9333 | Cost: $0.8771, Time: 417.5353s
2024-11-30 06:19:07 - INFO - ========================================================================================================================================================================================================
2024-11-30 06:19:07 - INFO - Evaluating SM with seed 2...
2024-11-30 06:19:07 - INFO - [GP] RMSE: 0.4868, R2 score: -2.0507, NLL: -3.2412, Coverage: 0.8000, MACE: 0.0776, Sharpness: 0.1519, Regret: 0.0909
2024-11-30 06:19:07 - INFO - [SMAC] RMSE: 0.2343, R2 score: 0.2935, NLL: -1.4618, Coverage: 0.9000, MACE: 0.1323, Sharpness: 0.0750, Regret: 0.0000
2024-11-30 06:20:07 - INFO - [LLAMBO] RMSE: 0.2317, R2 score: 0.3088, NLL: -0.1921, Coverage: 0.8000, MACE: 0.1446, Sharpness: 0.0464, Regret: 0.0227 | Cost: $0.1076, Time: 60.0250s
2024-11-30 06:24:07 - INFO - [LLAMBO_CoT_500] RMSE: 0.3661, R2 score: -0.7249, NLL: 36.9857, Coverage: 0.0000, MACE: 0.4900, Sharpness: 0.0080, Regret: 0.2273 | Cost: $0.6382, Time: 239.8796s
2024-11-30 06:29:16 - INFO - [LLAMBO_CoT_1000] RMSE: 0.3666, R2 score: -0.7299, NLL: 16.9913, Coverage: 0.0000, MACE: 0.4820, Sharpness: 0.0104, Regret: 0.2500 | Cost: $0.7680, Time: 308.1491s
2024-11-30 06:34:37 - INFO - [LLAMBO_CoT_2000] RMSE: 0.3655, R2 score: -0.7198, NLL: 19.9962, Coverage: 0.1000, MACE: 0.4540, Sharpness: 0.0109, Regret: 0.2273 | Cost: $0.8421, Time: 321.0112s
2024-11-30 06:40:03 - INFO - [LLAMBO_CoT_3000] RMSE: 0.3681, R2 score: -0.7441, NLL: 24.5032, Coverage: 0.1000, MACE: 0.4210, Sharpness: 0.0120, Regret: 0.0682 | Cost: $0.8590, Time: 325.8313s
2024-11-30 06:40:03 - INFO - ========================================================================================================================================================================================================
2024-11-30 06:40:03 - INFO - [LLAMBO] 3 evaluation runs complete! Total cost: $0.3232
