2024-11-30 06:40:06 - INFO - ========================================================================================================================================================================================================
2024-11-30 06:40:06 - INFO - Evaluating Disriminative SM performance on breast with RandomForest and 20 observed configurations... Running 3 runs.
2024-11-30 06:40:06 - INFO - ========================================================================================================================================================================================================
2024-11-30 06:40:06 - INFO - Collecting configurations - this might take a while...
2024-11-30 06:40:26 - INFO - ========================================================================================================================================================================================================
2024-11-30 06:40:26 - INFO - Evaluating SM with seed 0...
2024-11-30 06:40:26 - INFO - [GP] RMSE: 0.4382, R2 score: -1.4713, NLL: -5.8966, Coverage: 0.9000, MACE: 0.1859, Sharpness: 0.1634, Regret: 0.0222
2024-11-30 06:40:26 - INFO - [SMAC] RMSE: 0.2754, R2 score: 0.0241, NLL: 1.1706, Coverage: 0.8000, MACE: 0.0647, Sharpness: 0.0355, Regret: 0.0444
2024-11-30 06:41:34 - INFO - [LLAMBO] RMSE: 0.2562, R2 score: 0.1552, NLL: -5.3254, Coverage: 0.6000, MACE: 0.2114, Sharpness: 0.0309, Regret: 0.9333 | Cost: $0.1597, Time: 67.7565s
2024-11-30 06:46:57 - INFO - [LLAMBO_CoT_500] RMSE: 0.3659, R2 score: -0.7231, NLL: 3.7095, Coverage: 0.0000, MACE: 0.4640, Sharpness: 0.0397, Regret: 0.9333 | Cost: $0.6966, Time: 322.7260s
2024-11-30 06:53:07 - INFO - [LLAMBO_CoT_1000] RMSE: 0.3830, R2 score: -0.8877, NLL: 5.7429, Coverage: 0.0000, MACE: 0.4660, Sharpness: 0.0216, Regret: 0.1333 | Cost: $0.8402, Time: 369.9164s
2024-11-30 06:58:52 - INFO - [LLAMBO_CoT_2000] RMSE: 0.3826, R2 score: -0.8841, NLL: 28.9070, Coverage: 0.1000, MACE: 0.4380, Sharpness: 0.0273, Regret: 0.2222 | Cost: $0.8813, Time: 344.1237s
2024-11-30 07:05:12 - INFO - [LLAMBO_CoT_3000] RMSE: 0.3833, R2 score: -0.8912, NLL: 17.5566, Coverage: 0.0000, MACE: 0.4900, Sharpness: 0.0106, Regret: 0.0889 | Cost: $0.8911, Time: 380.4431s
2024-11-30 07:05:12 - INFO - ========================================================================================================================================================================================================
2024-11-30 07:05:12 - INFO - Evaluating SM with seed 1...
2024-11-30 07:05:13 - INFO - [GP] RMSE: 0.5143, R2 score: -2.4048, NLL: -4.7863, Coverage: 0.8000, MACE: 0.2350, Sharpness: 0.1976, Regret: 0.0222
2024-11-30 07:05:13 - INFO - [SMAC] RMSE: 0.2438, R2 score: 0.2351, NLL: -1.2929, Coverage: 0.9000, MACE: 0.1525, Sharpness: 0.0732, Regret: 0.0000
2024-11-30 07:06:58 - INFO - [LLAMBO] RMSE: 0.1203, R2 score: 0.8136, NLL: -5.1394, Coverage: 0.6000, MACE: 0.1404, Sharpness: 0.0516, Regret: 0.9333 | Cost: $0.1577, Time: 104.9808s
2024-11-30 07:11:46 - INFO - [LLAMBO_CoT_500] RMSE: 0.3764, R2 score: -0.8233, NLL: 11.5100, Coverage: 0.1000, MACE: 0.3870, Sharpness: 0.0465, Regret: 0.1333 | Cost: $0.6955, Time: 287.9700s
2024-11-30 07:17:35 - INFO - [LLAMBO_CoT_1000] RMSE: 0.3822, R2 score: -0.8798, NLL: 12.6214, Coverage: 0.2000, MACE: 0.3760, Sharpness: 0.0344, Regret: 0.1333 | Cost: $0.8206, Time: 349.1600s
2024-11-30 07:23:39 - INFO - [LLAMBO_CoT_2000] RMSE: 0.3729, R2 score: -0.7895, NLL: 17.5542, Coverage: 0.2000, MACE: 0.3231, Sharpness: 0.0554, Regret: 0.0000 | Cost: $0.8791, Time: 363.2415s
2024-11-30 07:29:37 - INFO - [LLAMBO_CoT_3000] RMSE: 0.3754, R2 score: -0.8139, NLL: 3.3665, Coverage: 0.1000, MACE: 0.3840, Sharpness: 0.0428, Regret: 0.2222 | Cost: $0.8823, Time: 357.8743s
2024-11-30 07:29:37 - INFO - ========================================================================================================================================================================================================
2024-11-30 07:29:37 - INFO - Evaluating SM with seed 2...
2024-11-30 07:29:37 - INFO - [GP] RMSE: 0.1093, R2 score: 0.8461, NLL: -4.2322, Coverage: 0.8000, MACE: 0.2138, Sharpness: 0.1446, Regret: 0.0444
2024-11-30 07:29:37 - INFO - [SMAC] RMSE: 0.3195, R2 score: -0.3141, NLL: -0.3815, Coverage: 0.9000, MACE: 0.0923, Sharpness: 0.1003, Regret: 0.0444
2024-11-30 07:31:21 - INFO - [LLAMBO] RMSE: 0.2708, R2 score: 0.0560, NLL: -3.9059, Coverage: 0.7000, MACE: 0.1241, Sharpness: 0.0572, Regret: 0.0222 | Cost: $0.1627, Time: 103.8637s
2024-11-30 07:36:09 - INFO - [LLAMBO_CoT_500] RMSE: 0.3796, R2 score: -0.8549, NLL: 40.3354, Coverage: 0.0000, MACE: 0.4620, Sharpness: 0.0292, Regret: 0.2444 | Cost: $0.7003, Time: 287.2985s
2024-11-30 07:42:00 - INFO - [LLAMBO_CoT_1000] RMSE: 0.3810, R2 score: -0.8681, NLL: 15.1845, Coverage: 0.0000, MACE: 0.4740, Sharpness: 0.0224, Regret: 0.2444 | Cost: $0.8141, Time: 350.6891s
2024-11-30 07:47:59 - INFO - [LLAMBO_CoT_2000] RMSE: 0.3811, R2 score: -0.8696, NLL: 22.6561, Coverage: 0.0000, MACE: 0.4870, Sharpness: 0.0101, Regret: 0.0889 | Cost: $0.8689, Time: 359.5428s
2024-11-30 07:54:07 - INFO - [LLAMBO_CoT_3000] RMSE: 0.3824, R2 score: -0.8818, NLL: 18.7518, Coverage: 0.0000, MACE: 0.4890, Sharpness: 0.0106, Regret: 0.0667 | Cost: $0.9033, Time: 367.1187s
2024-11-30 07:54:07 - INFO - ========================================================================================================================================================================================================
2024-11-30 07:54:07 - INFO - [LLAMBO] 3 evaluation runs complete! Total cost: $0.4800
