2024-11-30 07:54:10 - INFO - ========================================================================================================================================================================================================
2024-11-30 07:54:10 - INFO - Evaluating Disriminative SM performance on breast with RandomForest and 30 observed configurations... Running 3 runs.
2024-11-30 07:54:10 - INFO - ========================================================================================================================================================================================================
2024-11-30 07:54:10 - INFO - Collecting configurations - this might take a while...
2024-11-30 07:54:27 - INFO - ========================================================================================================================================================================================================
2024-11-30 07:54:27 - INFO - Evaluating SM with seed 0...
2024-11-30 07:54:28 - INFO - [GP] RMSE: 0.2516, R2 score: 0.1852, NLL: -5.8488, Coverage: 0.8000, MACE: 0.1920, Sharpness: 0.1740, Regret: 0.0222
2024-11-30 07:54:28 - INFO - [SMAC] RMSE: 0.2873, R2 score: -0.0626, NLL: -0.5227, Coverage: 0.6000, MACE: 0.0865, Sharpness: 0.0465, Regret: 0.0222
2024-11-30 07:56:28 - INFO - [LLAMBO] RMSE: 0.2495, R2 score: 0.1989, NLL: -4.2720, Coverage: 0.7000, MACE: 0.0995, Sharpness: 0.0419, Regret: 0.9333 | Cost: $0.2232, Time: 120.4501s
2024-11-30 08:02:36 - INFO - [LLAMBO_CoT_500] RMSE: 0.3819, R2 score: -0.8775, NLL: 8.4744, Coverage: 0.0000, MACE: 0.4730, Sharpness: 0.0248, Regret: 0.2222 | Cost: $0.7445, Time: 367.8718s
2024-11-30 08:09:29 - INFO - [LLAMBO_CoT_1000] RMSE: 0.3855, R2 score: -0.9125, NLL: 17.6643, Coverage: 0.1000, MACE: 0.4410, Sharpness: 0.0203, Regret: 0.0889 | Cost: $0.8775, Time: 412.8999s
2024-11-30 08:16:59 - INFO - [LLAMBO_CoT_2000] RMSE: 0.3842, R2 score: -0.8999, NLL: 8.9144, Coverage: 0.2000, MACE: 0.3970, Sharpness: 0.0228, Regret: 0.0444 | Cost: $0.9358, Time: 449.1448s
2024-11-30 08:24:49 - INFO - [LLAMBO_CoT_3000] RMSE: 0.3854, R2 score: -0.9122, NLL: 11.6128, Coverage: 0.1000, MACE: 0.3920, Sharpness: 0.0271, Regret: 0.1111 | Cost: $0.9443, Time: 470.0148s
2024-11-30 08:24:49 - INFO - ========================================================================================================================================================================================================
2024-11-30 08:24:49 - INFO - Evaluating SM with seed 1...
2024-11-30 08:24:50 - INFO - [GP] RMSE: 0.2151, R2 score: 0.4046, NLL: -5.0681, Coverage: 0.8000, MACE: 0.1730, Sharpness: 0.1532, Regret: 0.0222
2024-11-30 08:24:50 - INFO - [SMAC] RMSE: 0.2724, R2 score: 0.0445, NLL: -1.0589, Coverage: 0.8000, MACE: 0.1069, Sharpness: 0.0737, Regret: 0.0667
2024-11-30 08:27:29 - INFO - [LLAMBO] RMSE: 0.2081, R2 score: 0.4426, NLL: -4.1818, Coverage: 0.6000, MACE: 0.1214, Sharpness: 0.0486, Regret: 0.9333 | Cost: $0.2229, Time: 159.1924s
2024-11-30 08:33:05 - INFO - [LLAMBO_CoT_500] RMSE: 0.3860, R2 score: -0.9180, NLL: 55.9608, Coverage: 0.0000, MACE: 0.4900, Sharpness: 0.0081, Regret: 0.1111 | Cost: $0.7389, Time: 336.1860s
2024-11-30 08:39:07 - INFO - [LLAMBO_CoT_1000] RMSE: 0.3857, R2 score: -0.9146, NLL: 30.5948, Coverage: 0.0000, MACE: 0.4900, Sharpness: 0.0094, Regret: 0.2222 | Cost: $0.8620, Time: 361.7874s
2024-11-30 08:46:35 - INFO - [LLAMBO_CoT_2000] RMSE: 0.3762, R2 score: -0.8217, NLL: 22.7876, Coverage: 0.0000, MACE: 0.4840, Sharpness: 0.0277, Regret: 0.9333 | Cost: $0.9173, Time: 447.7947s
2024-11-30 08:54:24 - INFO - [LLAMBO_CoT_3000] RMSE: 0.3847, R2 score: -0.9046, NLL: 29.5819, Coverage: 0.0000, MACE: 0.4780, Sharpness: 0.0201, Regret: 0.2444 | Cost: $0.9385, Time: 468.1092s
2024-11-30 08:54:24 - INFO - ========================================================================================================================================================================================================
2024-11-30 08:54:24 - INFO - Evaluating SM with seed 2...
2024-11-30 08:54:24 - INFO - [GP] RMSE: 0.2469, R2 score: 0.2155, NLL: -4.2249, Coverage: 0.6000, MACE: 0.1071, Sharpness: 0.0802, Regret: 0.9333
2024-11-30 08:54:24 - INFO - [SMAC] RMSE: 0.3147, R2 score: -0.2751, NLL: 4.5206, Coverage: 0.8000, MACE: 0.0653, Sharpness: 0.0526, Regret: 0.0222
2024-11-30 08:57:01 - INFO - [LLAMBO] RMSE: 0.2415, R2 score: 0.2493, NLL: -3.4765, Coverage: 0.6000, MACE: 0.1018, Sharpness: 0.0441, Regret: 0.9333 | Cost: $0.2239, Time: 156.9109s
2024-11-30 09:02:39 - INFO - [LLAMBO_CoT_500] RMSE: 0.3822, R2 score: -0.8803, NLL: 29.8992, Coverage: 0.1000, MACE: 0.4020, Sharpness: 0.0230, Regret: 0.0000 | Cost: $0.7438, Time: 337.4826s
