2024-11-30 04:33:07 - INFO - ========================================================================================================================================================================================================
2024-11-30 04:33:07 - INFO - Evaluating Disriminative SM performance on breast with RandomForest and 5 observed configurations... Running 3 runs.
2024-11-30 04:33:07 - INFO - ========================================================================================================================================================================================================
2024-11-30 04:33:07 - INFO - Collecting configurations - this might take a while...
2024-11-30 04:33:23 - INFO - ========================================================================================================================================================================================================
2024-11-30 04:33:23 - INFO - Evaluating SM with seed 0...
2024-11-30 04:33:23 - INFO - [GP] RMSE: 0.5029, R2 score: -2.2550, NLL: -1.9445, Coverage: 0.4000, MACE: 0.1981, Sharpness: 0.2142, Regret: 0.9333
2024-11-30 04:33:23 - INFO - [SMAC] RMSE: 0.2968, R2 score: -0.1337, NLL: -1.0685, Coverage: 0.3000, MACE: 0.2319, Sharpness: 0.0152, Regret: 0.1111
2024-11-30 04:33:46 - INFO - [LLAMBO] RMSE: 0.2887, R2 score: -0.0728, NLL: -0.6722, Coverage: 0.5000, MACE: 0.1416, Sharpness: 0.0220, Regret: 0.9333 | Cost: $0.1239, Time: 22.3076s
2024-11-30 04:37:48 - INFO - [LLAMBO_CoT_500] RMSE: 0.3856, R2 score: -0.9138, NLL: 13.1513, Coverage: 0.0000, MACE: 0.4740, Sharpness: 0.0122, Regret: 0.2444 | Cost: $0.6110, Time: 242.5241s
2024-11-30 04:42:08 - INFO - [LLAMBO_CoT_1000] RMSE: 0.3863, R2 score: -0.9207, NLL: 19.9854, Coverage: 0.0000, MACE: 0.4900, Sharpness: 0.0093, Regret: 0.2222 | Cost: $0.7508, Time: 259.1376s
2024-11-30 04:47:55 - INFO - [LLAMBO_CoT_2000] RMSE: 0.3849, R2 score: -0.9065, NLL: 8.4987, Coverage: 0.0000, MACE: 0.4790, Sharpness: 0.0134, Regret: 0.0889 | Cost: $0.8348, Time: 347.1867s
2024-11-30 04:53:12 - INFO - [LLAMBO_CoT_3000] RMSE: 0.3865, R2 score: -0.9229, NLL: 29.7572, Coverage: 0.0000, MACE: 0.4820, Sharpness: 0.0123, Regret: 0.2222 | Cost: $0.8446, Time: 317.2881s
2024-11-30 04:53:12 - INFO - ========================================================================================================================================================================================================
2024-11-30 04:53:12 - INFO - Evaluating SM with seed 1...
2024-11-30 04:53:13 - INFO - [GP] RMSE: 0.1861, R2 score: 0.5544, NLL: -1.6157, Coverage: 0.5000, MACE: 0.0817, Sharpness: 0.2016, Regret: 0.9333
2024-11-30 04:53:13 - INFO - [SMAC] RMSE: 0.3436, R2 score: -0.5198, NLL: 7.6181, Coverage: 0.2000, MACE: 0.3485, Sharpness: 0.0110, Regret: 0.1111
2024-11-30 04:54:12 - INFO - [LLAMBO] RMSE: 0.3045, R2 score: -0.1938, NLL: 4.8235, Coverage: 0.5000, MACE: 0.1699, Sharpness: 0.0240, Regret: 0.0222 | Cost: $0.1236, Time: 59.5316s
2024-11-30 04:57:38 - INFO - [LLAMBO_CoT_500] RMSE: 0.3877, R2 score: -0.9353, NLL: 59.4782, Coverage: 0.0000, MACE: 0.4900, Sharpness: 0.0023, Regret: 0.2444 | Cost: $0.6137, Time: 205.2261s
2024-11-30 05:02:20 - INFO - [LLAMBO_CoT_1000] RMSE: 0.3882, R2 score: -0.9400, NLL: 16.3735, Coverage: 0.0000, MACE: 0.4880, Sharpness: 0.0050, Regret: 0.0222 | Cost: $0.7732, Time: 281.7165s
2024-11-30 05:08:10 - INFO - [LLAMBO_CoT_2000] RMSE: 0.3864, R2 score: -0.9219, NLL: 19.4603, Coverage: 0.0000, MACE: 0.4850, Sharpness: 0.0102, Regret: 0.0444 | Cost: $0.8584, Time: 350.1233s
2024-11-30 05:13:27 - INFO - [LLAMBO_CoT_3000] RMSE: 0.3870, R2 score: -0.9276, NLL: 59.0505, Coverage: 0.0000, MACE: 0.4900, Sharpness: 0.0049, Regret: 0.9333 | Cost: $0.8578, Time: 317.0039s
2024-11-30 05:13:27 - INFO - ========================================================================================================================================================================================================
2024-11-30 05:13:27 - INFO - Evaluating SM with seed 2...
2024-11-30 05:13:27 - INFO - [GP] RMSE: 0.5658, R2 score: -3.1214, NLL: -1.4780, Coverage: 0.7000, MACE: 0.1114, Sharpness: 0.2110, Regret: 0.0238
2024-11-30 05:13:27 - INFO - [SMAC] RMSE: 0.3207, R2 score: -0.3237, NLL: 0.0125, Coverage: 0.2000, MACE: 0.3290, Sharpness: 0.0607, Regret: 0.1190
2024-11-30 05:14:29 - INFO - [LLAMBO] RMSE: 0.2203, R2 score: 0.3750, NLL: -2.3041, Coverage: 0.6000, MACE: 0.0665, Sharpness: 0.0872, Regret: 0.0000 | Cost: $0.1326, Time: 60.8940s
2024-11-30 05:18:17 - INFO - [LLAMBO_CoT_500] RMSE: 0.3150, R2 score: -0.2771, NLL: -0.3948, Coverage: 0.2000, MACE: 0.3630, Sharpness: 0.0112, Regret: 0.2619 | Cost: $0.6133, Time: 228.5190s
2024-11-30 05:23:01 - INFO - [LLAMBO_CoT_1000] RMSE: 0.3165, R2 score: -0.2892, NLL: -1.3666, Coverage: 0.2000, MACE: 0.3010, Sharpness: 0.0116, Regret: 0.2619 | Cost: $0.7674, Time: 283.2563s
2024-11-30 05:28:49 - INFO - [LLAMBO_CoT_2000] RMSE: 0.3155, R2 score: -0.2816, NLL: 0.3381, Coverage: 0.2000, MACE: 0.3331, Sharpness: 0.0085, Regret: 1.0000 | Cost: $0.8544, Time: 348.4182s
2024-11-30 05:34:45 - INFO - [LLAMBO_CoT_3000] RMSE: 0.3138, R2 score: -0.2672, NLL: 1.1216, Coverage: 0.2000, MACE: 0.3240, Sharpness: 0.0119, Regret: 0.1429 | Cost: $0.8482, Time: 355.3679s
2024-11-30 05:34:45 - INFO - ========================================================================================================================================================================================================
2024-11-30 05:34:45 - INFO - [LLAMBO] 3 evaluation runs complete! Total cost: $0.3802
