2024-11-29 19:27:16 - INFO - ========================================================================================================================================================================================================
2024-11-29 19:27:16 - INFO - Evaluating sampling with seed 0...
2024-11-29 19:27:16 - INFO - [TPE_IN] Average regret: 0.8981, Best regret: 0.3780, Score spread: 0.1534, Mahalanobis distance: 10.4862, Gen var: 202.1764, Log likelihood: -59.6141
2024-11-29 19:27:17 - INFO - [TPE_MULTI] Average regret: 0.8943, Best regret: 0.2405, Score spread: 0.1723, Mahalanobis distance: 10.6134, Gen var: 250.5582, Log likelihood: -56.9088
2024-11-29 19:27:17 - INFO - [RANDOM] Average regret: 0.9529, Best regret: 0.4433, Score spread: 0.1163, Mahalanobis distance: 19.0303, Gen var: 1820.5485, Log likelihood: -156.2173
2024-11-29 19:27:20 - INFO - [LLAMBO] Average regret: 0.4815, Best regret: 0.3196, Score spread: 0.0688, Mahalanobis distance: 2.7346, Gen var: 0.0000, Log likelihood: -7.1924
2024-11-29 19:27:20 - INFO - Running cot with 500
2024-11-29 19:27:45 - INFO - [LLAMBO_CoT_500] Average regret: 0.4215, Best regret: 0.2680, Score spread: 0.1055, Mahalanobis distance: 2.5098, Gen var: 0.0000, Log likelihood: -6.8845
2024-11-29 19:27:45 - INFO - Running cot with 1000
2024-11-29 19:28:12 - INFO - [LLAMBO_CoT_1000] Average regret: 0.4035, Best regret: 0.2818, Score spread: 0.0668, Mahalanobis distance: 2.1933, Gen var: 0.0000, Log likelihood: -6.6075
2024-11-29 19:28:12 - INFO - Running cot with 2000
2024-11-29 19:28:40 - INFO - [LLAMBO_CoT_2000] Average regret: 0.4675, Best regret: 0.3058, Score spread: 0.0947, Mahalanobis distance: 2.3816, Gen var: 0.0000, Log likelihood: -6.7891
2024-11-29 19:28:40 - INFO - Running cot with 3000
2024-11-29 19:29:07 - INFO - [LLAMBO_CoT_3000] Average regret: 0.4238, Best regret: 0.2612, Score spread: 0.1037, Mahalanobis distance: 2.3773, Gen var: 0.0000, Log likelihood: -6.7895
2024-11-29 19:29:07 - INFO - ========================================================================================================================================================================================================
2024-11-29 19:29:07 - INFO - Evaluating sampling with seed 1...
2024-11-29 19:29:07 - INFO - [TPE_IN] Average regret: 0.8632, Best regret: 0.4124, Score spread: 0.1805, Mahalanobis distance: 11.2312, Gen var: 19.4850, Log likelihood: -46.2114
2024-11-29 19:29:08 - INFO - [TPE_MULTI] Average regret: 0.8699, Best regret: 0.2577, Score spread: 0.1936, Mahalanobis distance: 10.2278, Gen var: 10.3947, Log likelihood: -50.7960
2024-11-29 19:29:08 - INFO - [RANDOM] Average regret: 0.9820, Best regret: 0.6392, Score spread: 0.0636, Mahalanobis distance: 20.7214, Gen var: 531.5055, Log likelihood: -128.9088
2024-11-29 19:29:11 - INFO - [LLAMBO] Average regret: 0.3420, Best regret: 0.2302, Score spread: 0.0745, Mahalanobis distance: 2.6173, Gen var: 0.0000, Log likelihood: -7.6519
2024-11-29 19:29:11 - INFO - Running cot with 500
2024-11-29 19:29:42 - INFO - [LLAMBO_CoT_500] Average regret: 0.3033, Best regret: 0.2165, Score spread: 0.0570, Mahalanobis distance: 3.0654, Gen var: 0.0000, Log likelihood: -7.1556
2024-11-29 19:29:42 - INFO - Running cot with 1000
2024-11-29 19:30:08 - INFO - [LLAMBO_CoT_1000] Average regret: 0.2856, Best regret: 0.2131, Score spread: 0.0558, Mahalanobis distance: 3.2806, Gen var: 0.0000, Log likelihood: -7.1665
2024-11-29 19:30:08 - INFO - Running cot with 2000
2024-11-29 19:30:44 - INFO - [LLAMBO_CoT_2000] Average regret: 0.2892, Best regret: 0.2234, Score spread: 0.0371, Mahalanobis distance: 2.9697, Gen var: 0.0000, Log likelihood: -7.0956
2024-11-29 19:30:44 - INFO - Running cot with 3000
2024-11-29 19:31:14 - INFO - [LLAMBO_CoT_3000] Average regret: 0.3045, Best regret: 0.2268, Score spread: 0.0562, Mahalanobis distance: 3.5553, Gen var: 0.0000, Log likelihood: -7.1986
2024-11-29 19:31:14 - INFO - ========================================================================================================================================================================================================
2024-11-29 19:31:14 - INFO - Evaluating sampling with seed 2...
2024-11-29 19:31:14 - INFO - [TPE_IN] Average regret: 0.8856, Best regret: 0.3058, Score spread: 0.1766, Mahalanobis distance: 9.6638, Gen var: 222.1276, Log likelihood: -64.0556
2024-11-29 19:31:14 - INFO - [TPE_MULTI] Average regret: 0.8988, Best regret: 0.3540, Score spread: 0.1608, Mahalanobis distance: 9.9807, Gen var: 166.9413, Log likelihood: -62.9727
2024-11-29 19:31:15 - INFO - [RANDOM] Average regret: 1.0000, Best regret: 1.0000, Score spread: 0.0000, Mahalanobis distance: 17.1270, Gen var: 1881.8540, Log likelihood: -154.5512
2024-11-29 19:31:18 - INFO - [LLAMBO] Average regret: 0.3984, Best regret: 0.2062, Score spread: 0.0747, Mahalanobis distance: 2.2658, Gen var: 0.0000, Log likelihood: -7.4913
2024-11-29 19:31:18 - INFO - Running cot with 500
2024-11-29 19:31:47 - INFO - [LLAMBO_CoT_500] Average regret: 0.3154, Best regret: 0.1753, Score spread: 0.0540, Mahalanobis distance: 2.6097, Gen var: 0.0000, Log likelihood: -7.4990
2024-11-29 19:31:47 - INFO - Running cot with 1000
2024-11-29 19:32:31 - INFO - [LLAMBO_CoT_1000] Average regret: 0.3832, Best regret: 0.2268, Score spread: 0.0851, Mahalanobis distance: 2.5409, Gen var: 0.0000, Log likelihood: -7.3174
2024-11-29 19:32:31 - INFO - Running cot with 2000
2024-11-29 19:33:32 - INFO - [LLAMBO_CoT_2000] Average regret: 0.3899, Best regret: 0.2474, Score spread: 0.0701, Mahalanobis distance: 2.4161, Gen var: 0.0000, Log likelihood: -7.2473
2024-11-29 19:33:32 - INFO - Running cot with 3000
2024-11-29 19:34:15 - INFO - [LLAMBO_CoT_3000] Average regret: 0.3481, Best regret: 0.2405, Score spread: 0.0668, Mahalanobis distance: 2.3519, Gen var: 0.0000, Log likelihood: -7.0378
2024-11-29 19:34:15 - INFO - ========================================================================================================================================================================================================
2024-11-29 19:34:15 - INFO - Evaluating sampling with seed 3...
2024-11-29 19:34:15 - INFO - [TPE_IN] Average regret: 0.8952, Best regret: 0.1890, Score spread: 0.1883, Mahalanobis distance: 13.1024, Gen var: 107.5249, Log likelihood: -58.2675
2024-11-29 19:34:16 - INFO - [TPE_MULTI] Average regret: 0.8905, Best regret: 0.2715, Score spread: 0.1855, Mahalanobis distance: 14.6925, Gen var: 67.1037, Log likelihood: -67.3912
2024-11-29 19:34:16 - INFO - [RANDOM] Average regret: 1.0000, Best regret: 1.0000, Score spread: 0.0000, Mahalanobis distance: 23.0429, Gen var: 448.4677, Log likelihood: -148.3570
2024-11-29 19:34:19 - INFO - [LLAMBO] Average regret: 0.4013, Best regret: 0.2680, Score spread: 0.0779, Mahalanobis distance: 2.8143, Gen var: 0.0000, Log likelihood: -6.6444
2024-11-29 19:34:19 - INFO - Running cot with 500
2024-11-29 19:34:47 - INFO - [LLAMBO_CoT_500] Average regret: 0.3659, Best regret: 0.2646, Score spread: 0.0456, Mahalanobis distance: 3.1204, Gen var: 0.0000, Log likelihood: -6.9467
2024-11-29 19:34:47 - INFO - Running cot with 1000
2024-11-29 19:35:13 - INFO - [LLAMBO_CoT_1000] Average regret: 0.3796, Best regret: 0.2887, Score spread: 0.0589, Mahalanobis distance: 3.2302, Gen var: 0.0000, Log likelihood: -7.1546
2024-11-29 19:35:13 - INFO - Running cot with 2000
2024-11-29 19:35:42 - INFO - [LLAMBO_CoT_2000] Average regret: 0.3581, Best regret: 0.1890, Score spread: 0.0778, Mahalanobis distance: 2.9613, Gen var: 0.0000, Log likelihood: -7.0495
2024-11-29 19:35:42 - INFO - Running cot with 3000
2024-11-29 19:36:06 - INFO - [LLAMBO_CoT_3000] Average regret: 0.3232, Best regret: 0.2405, Score spread: 0.0463, Mahalanobis distance: 3.3877, Gen var: 0.0000, Log likelihood: -7.0891
2024-11-29 19:36:06 - INFO - ========================================================================================================================================================================================================
2024-11-29 19:36:06 - INFO - Evaluating sampling with seed 4...
2024-11-29 19:36:07 - INFO - [TPE_IN] Average regret: 0.9131, Best regret: 0.6082, Score spread: 0.1177, Mahalanobis distance: 13.5989, Gen var: 119.9392, Log likelihood: -82.6819
2024-11-29 19:36:07 - INFO - [TPE_MULTI] Average regret: 0.8639, Best regret: 0.2131, Score spread: 0.2026, Mahalanobis distance: 13.5478, Gen var: 180.8552, Log likelihood: -95.8043
2024-11-29 19:36:08 - INFO - [RANDOM] Average regret: 0.9591, Best regret: 0.4605, Score spread: 0.1046, Mahalanobis distance: 23.6684, Gen var: 2017.2085, Log likelihood: -196.3660
2024-11-29 19:36:11 - INFO - [LLAMBO] Average regret: 0.4852, Best regret: 0.3058, Score spread: 0.0833, Mahalanobis distance: 3.7139, Gen var: 0.0000, Log likelihood: -8.8396
2024-11-29 19:36:11 - INFO - Running cot with 500
2024-11-29 19:36:30 - INFO - [LLAMBO_CoT_500] Average regret: 0.4317, Best regret: 0.3333, Score spread: 0.0654, Mahalanobis distance: 3.2431, Gen var: 0.0000, Log likelihood: -8.2102
2024-11-29 19:36:30 - INFO - Running cot with 1000
2024-11-29 19:36:55 - INFO - [LLAMBO_CoT_1000] Average regret: 0.3655, Best regret: 0.0962, Score spread: 0.0764, Mahalanobis distance: 3.4482, Gen var: 0.0000, Log likelihood: -8.0559
2024-11-29 19:36:55 - INFO - Running cot with 2000
2024-11-29 19:38:07 - INFO - [LLAMBO_CoT_2000] Average regret: 0.3982, Best regret: 0.2474, Score spread: 0.0815, Mahalanobis distance: 3.4378, Gen var: 0.0000, Log likelihood: -8.3400
2024-11-29 19:38:07 - INFO - Running cot with 3000
2024-11-29 19:38:31 - INFO - [LLAMBO_CoT_3000] Average regret: 0.4053, Best regret: 0.1375, Score spread: 0.1018, Mahalanobis distance: 3.4497, Gen var: 0.0000, Log likelihood: -8.2707
2024-11-29 19:38:31 - INFO - ========================================================================================================================================================================================================
2024-11-29 19:38:31 - INFO - [LLAMBO] 5 evaluation runs complete! Total cost: $0.0461
