2024-11-29 20:53:32 - INFO - ========================================================================================================================================================================================================
2024-11-29 20:53:32 - INFO - Ablating LLAMBO (discriminative | full_context | Shuffle features: False) to tune RandomForest on breast with seed 1 / 1...
2024-11-29 20:53:32 - INFO - Task context: {'model': 'RandomForest', 'task': 'classification', 'tot_feats': 30, 'cat_feats': 0, 'num_feats': 30, 'n_classes': 2, 'metric': 'accuracy', 'lower_is_better': False, 'num_samples': 455, 'hyperparameter_constraints': {'max_depth': ['int', 'linear', [1, 15]], 'max_features': ['float', 'logit', [0.01, 0.99]], 'min_impurity_decrease': ['float', 'linear', [0.0, 0.5]], 'min_samples_leaf': ['float', 'logit', [0.01, 0.49]], 'min_samples_split': ['float', 'logit', [0.01, 0.99]], 'min_weight_fraction_leaf': ['float', 'logit', [0.01, 0.49]]}}
2024-11-29 21:19:03 - INFO - [LLAMBO] Query time: 1526.7147
2024-11-29 21:19:03 - INFO - [LLAMBO | Ablation: full_context | Shuffle features: False] RUN COMPLETE, saved results to /Users/arina/Desktop/phd_project/LLAMBO/exp_prompt_ablation/results_discriminative/breast/RandomForest/full_context_unshuffled_feature_cot_300/...
2024-11-29 21:19:03 - INFO -     max_depth  max_features  ...  generalization_score         0
0           9      0.267459  ...              0.903509 -0.024176
1           7      0.602079  ...              0.587719  0.006593
2           9      0.703320  ...              0.903509  0.000000
3          12      0.544787  ...              0.587719 -0.004396
4           3      0.189256  ...              0.587719  0.006593
5          10      0.430000  ...              0.929825  0.008791
6          11      0.475000  ...              0.938596  0.004396
7          10      0.380000  ...              0.947368  0.008791
8          10      0.410000  ...              0.929825  0.008791
9          12      0.420000  ...              0.929825  0.008791
10         10      0.423000  ...              0.929825  0.008791
11         10      0.412000  ...              0.929825  0.017582
12         11      0.450000  ...              0.938596  0.000000
13         10      0.440000  ...              0.938596  0.021978
14         11      0.435000  ...              0.938596  0.006593
15         10      0.435000  ...              0.938596  0.008791
16         13      0.850000  ...              0.938596  0.004396
17         10      0.430000  ...              0.929825  0.000000
18         14      0.870000  ...              0.938596  0.000000
19         11      0.430000  ...              0.929825  0.008791
20         11      0.435000  ...              0.938596  0.004396
21         10      0.420000  ...              0.929825  0.000000
22         10      0.425000  ...              0.929825  0.000000
23         10      0.424000  ...              0.929825  0.004396
24         11      0.440000  ...              0.938596  0.008791
25         10      0.421000  ...              0.929825       NaN
26         10      0.425000  ...              0.929825       NaN
27         10      0.425000  ...              0.929825       NaN
28         10      0.421000  ...              0.929825       NaN
29         10      0.435000  ...              0.938596       NaN

[30 rows x 9 columns]
2024-11-29 21:19:03 - INFO - ========================================================================================================================================================================================================
2024-11-29 21:19:03 - INFO - [LLAMBO | Ablation: full_context | Shuffle features: False] 1 evaluation runs complete!
