2024-11-29 13:14:00 - INFO - ========================================================================================================================================================================================================
2024-11-29 13:14:00 - INFO - Ablating LLAMBO (discriminative | full_context | Shuffle features: False) to tune RandomForest on breast with seed 1 / 1...
2024-11-29 13:14:00 - INFO - Task context: {'model': 'RandomForest', 'task': 'classification', 'tot_feats': 30, 'cat_feats': 0, 'num_feats': 30, 'n_classes': 2, 'metric': 'accuracy', 'lower_is_better': False, 'num_samples': 455, 'hyperparameter_constraints': {'max_depth': ['int', 'linear', [1, 15]], 'max_features': ['float', 'logit', [0.01, 0.99]], 'min_impurity_decrease': ['float', 'linear', [0.0, 0.5]], 'min_samples_leaf': ['float', 'logit', [0.01, 0.49]], 'min_samples_split': ['float', 'logit', [0.01, 0.99]], 'min_weight_fraction_leaf': ['float', 'logit', [0.01, 0.49]]}}
2024-11-29 13:26:15 - INFO - [LLAMBO] Query time: 731.4039
2024-11-29 13:26:15 - INFO - [LLAMBO | Ablation: full_context | Shuffle features: False] RUN COMPLETE, saved results to /Users/arina/Desktop/phd_project/LLAMBO/exp_prompt_ablation/results_discriminative/breast/RandomForest/full_context_unshuffled_feature_zero_shot_0/...
2024-11-29 13:26:15 - INFO -     max_depth  max_features  min_impurity_decrease  ...     score  generalization_score             0
0           9      0.267459               0.301382  ...  0.909890              0.903509 -1.110223e-16
1           7      0.602079               0.481831  ...  0.637363              0.587719 -8.791209e-03
2           9      0.703320               0.035518  ...  0.912088              0.903509 -2.197802e-03
3          12      0.544787               0.489309  ...  0.637363              0.587719  2.197802e-03
4           3      0.189256               0.071677  ...  0.637363              0.587719  8.791209e-03
5          12      0.680000               0.000000  ...  0.912088              0.921053 -1.110223e-16
6          12      0.620000               0.000000  ...  0.920879              0.894737  2.197802e-03
7          12      0.640000               0.000000  ...  0.923077              0.912281  1.098901e-02
8          10      0.680000               0.000000  ...  0.920879              0.894737  1.318681e-02
9          12      0.690000               0.000000  ...  0.914286              0.912281  8.791209e-03
10         10      0.660000               0.000000  ...  0.923077              0.921053  1.098901e-02
11          9      0.680000               0.000000  ...  0.920879              0.894737  1.098901e-02
12         10      0.650000               0.000000  ...  0.912088              0.929825  1.098901e-02
13         12      0.660000               0.000000  ...  0.909890              0.929825  1.098901e-02
14         12      0.680000               0.000000  ...  0.914286              0.929825  1.098901e-02
15         12      0.660000               0.000000  ...  0.912088              0.929825  0.000000e+00
16         10      0.670000               0.000000  ...  0.912088              0.929825  2.197802e-03
17         12      0.670000               0.000000  ...  0.912088              0.929825  2.197802e-03
18         10      0.660000               0.000000  ...  0.912088              0.929825  1.098901e-02
19         10      0.670000               0.000000  ...  0.912088              0.929825  8.791209e-03
20         10      0.660000               0.000000  ...  0.923077              0.921053  1.098901e-02
21         10      0.660000               0.000000  ...  0.920879              0.921053  0.000000e+00
22         10      0.680000               0.000000  ...  0.920879              0.894737  1.098901e-02
23         10      0.660000               0.000000  ...  0.912088              0.929825  1.098901e-02
24         11      0.670000               0.000000  ...  0.914286              0.929825  1.098901e-02
25         12      0.680000               0.000000  ...  0.912088              0.921053           NaN
26         11      0.660000               0.000000  ...  0.923077              0.921053           NaN
27         10      0.680000               0.000000  ...  0.912088              0.929825           NaN
28         11      0.660000               0.000000  ...  0.912088              0.929825           NaN
29         10      0.680000               0.000000  ...  0.912088              0.921053           NaN

[30 rows x 9 columns]
2024-11-29 13:26:15 - INFO - ========================================================================================================================================================================================================
2024-11-29 13:26:15 - INFO - [LLAMBO | Ablation: full_context | Shuffle features: False] 1 evaluation runs complete!
