2024-11-29 04:31:41 - INFO - ========================================================================================================================================================================================================
2024-11-29 04:31:41 - INFO - Evaluating sampling with seed 0...
2024-11-29 04:31:42 - INFO - [TPE_IN] Average regret: 0.2833, Best regret: 0.0000, Score spread: 0.1425, Mahalanobis distance: 4.2242, Gen var: 3.0341, Log likelihood: -11.3782
2024-11-29 04:31:42 - INFO - [TPE_MULTI] Average regret: 0.2711, Best regret: 0.0000, Score spread: 0.1446, Mahalanobis distance: 4.0317, Gen var: 8.8763, Log likelihood: -12.3773
2024-11-29 04:31:42 - INFO - [RANDOM] Average regret: 0.7733, Best regret: 0.0000, Score spread: 0.1557, Mahalanobis distance: 6.1314, Gen var: 143.5406, Log likelihood: -19.6046
2024-11-29 04:31:46 - INFO - [LLAMBO] Average regret: 0.0567, Best regret: 0.0222, Score spread: 0.0126, Mahalanobis distance: 3.4966, Gen var: 0.0000, Log likelihood: -9.0296
2024-11-29 04:31:46 - INFO - Running cot with 300
2024-11-29 04:32:02 - INFO - [LLAMBO_CoT_300] Average regret: 0.0611, Best regret: 0.0000, Score spread: 0.0190, Mahalanobis distance: 2.8924, Gen var: 0.0000, Log likelihood: -8.4950
2024-11-29 04:32:02 - INFO - Running cot with 500
2024-11-29 04:32:31 - INFO - [LLAMBO_CoT_500] Average regret: 0.0716, Best regret: 0.0000, Score spread: 0.0174, Mahalanobis distance: 2.8000, Gen var: 0.0000, Log likelihood: -8.2335
2024-11-29 04:32:31 - INFO - Running cot with 700
2024-11-29 04:33:06 - INFO - [LLAMBO_CoT_700] Average regret: 0.0363, Best regret: 0.0000, Score spread: 0.0121, Mahalanobis distance: 2.7150, Gen var: 0.0000, Log likelihood: -8.1609
2024-11-29 04:33:06 - INFO - Running cot with 1000
2024-11-29 04:33:48 - INFO - [LLAMBO_CoT_1000] Average regret: 0.0681, Best regret: 0.0222, Score spread: 0.0148, Mahalanobis distance: 2.7590, Gen var: 0.0000, Log likelihood: -8.3499
2024-11-29 04:33:48 - INFO - ========================================================================================================================================================================================================
2024-11-29 04:33:48 - INFO - Evaluating sampling with seed 1...
2024-11-29 04:33:49 - INFO - [TPE_IN] Average regret: 0.4322, Best regret: 0.0667, Score spread: 0.1651, Mahalanobis distance: 4.8619, Gen var: 1.0680, Log likelihood: -11.5809
2024-11-29 04:33:50 - INFO - [TPE_MULTI] Average regret: 0.3333, Best regret: 0.0000, Score spread: 0.1533, Mahalanobis distance: 4.7886, Gen var: 2.1323, Log likelihood: -12.9332
2024-11-29 04:33:50 - INFO - [RANDOM] Average regret: 0.8311, Best regret: 0.0889, Score spread: 0.1336, Mahalanobis distance: 8.4511, Gen var: 25.3507, Log likelihood: -19.3813
2024-11-29 04:33:52 - INFO - [LLAMBO] Average regret: 0.1846, Best regret: 0.1111, Score spread: 0.0100, Mahalanobis distance: 1.9710, Gen var: 0.0000, Log likelihood: -6.9681
2024-11-29 04:33:52 - INFO - Running cot with 300
2024-11-29 04:34:07 - INFO - [LLAMBO_CoT_300] Average regret: 0.1481, Best regret: 0.0444, Score spread: 0.0177, Mahalanobis distance: 2.3323, Gen var: 0.0000, Log likelihood: -7.6692
2024-11-29 04:34:07 - INFO - Running cot with 500
2024-11-29 04:34:24 - INFO - [LLAMBO_CoT_500] Average regret: 0.1556, Best regret: 0.0889, Score spread: 0.0103, Mahalanobis distance: 1.9800, Gen var: 0.0000, Log likelihood: -7.3752
2024-11-29 04:34:24 - INFO - Running cot with 700
2024-11-29 04:34:42 - INFO - [LLAMBO_CoT_700] Average regret: 0.1472, Best regret: 0.0889, Score spread: 0.0138, Mahalanobis distance: 2.2787, Gen var: 0.0000, Log likelihood: -7.5613
2024-11-29 04:34:42 - INFO - Running cot with 1000
2024-11-29 04:35:06 - INFO - [LLAMBO_CoT_1000] Average regret: 0.1570, Best regret: 0.0444, Score spread: 0.0216, Mahalanobis distance: 2.0466, Gen var: 0.0000, Log likelihood: -7.3555
2024-11-29 04:35:06 - INFO - ========================================================================================================================================================================================================
2024-11-29 04:35:06 - INFO - Evaluating sampling with seed 2...
2024-11-29 04:35:07 - INFO - [TPE_IN] Average regret: 0.4111, Best regret: 0.0000, Score spread: 0.1713, Mahalanobis distance: 3.4005, Gen var: 2.0849, Log likelihood: -11.1855
2024-11-29 04:35:07 - INFO - [TPE_MULTI] Average regret: 0.3667, Best regret: 0.0000, Score spread: 0.1645, Mahalanobis distance: 3.2749, Gen var: 2.9973, Log likelihood: -10.7509
2024-11-29 04:35:07 - INFO - [RANDOM] Average regret: 0.8689, Best regret: 0.0667, Score spread: 0.1234, Mahalanobis distance: 4.7879, Gen var: 41.4448, Log likelihood: -15.7665
2024-11-29 04:35:10 - INFO - [LLAMBO] Average regret: 0.1778, Best regret: 0.1333, Score spread: 0.0175, Mahalanobis distance: 3.0421, Gen var: 0.0000, Log likelihood: -9.8464
2024-11-29 04:35:10 - INFO - Running cot with 300
2024-11-29 04:35:30 - INFO - [LLAMBO_CoT_300] Average regret: 0.1474, Best regret: 0.1111, Score spread: 0.0091, Mahalanobis distance: 2.8521, Gen var: 0.0000, Log likelihood: -9.8849
2024-11-29 04:35:30 - INFO - Running cot with 500
2024-11-29 04:35:48 - INFO - [LLAMBO_CoT_500] Average regret: 0.1603, Best regret: 0.0889, Score spread: 0.0208, Mahalanobis distance: 2.9422, Gen var: 0.0000, Log likelihood: -9.7546
2024-11-29 04:35:48 - INFO - Running cot with 700
2024-11-29 04:36:09 - INFO - [LLAMBO_CoT_700] Average regret: 0.1570, Best regret: 0.1333, Score spread: 0.0118, Mahalanobis distance: 2.9399, Gen var: 0.0000, Log likelihood: -10.1720
2024-11-29 04:36:09 - INFO - Running cot with 1000
2024-11-29 04:36:29 - INFO - [LLAMBO_CoT_1000] Average regret: 0.1460, Best regret: 0.1333, Score spread: 0.0092, Mahalanobis distance: 2.8906, Gen var: 0.0000, Log likelihood: -10.1991
2024-11-29 04:36:29 - INFO - ========================================================================================================================================================================================================
2024-11-29 04:36:29 - INFO - Evaluating sampling with seed 3...
2024-11-29 04:36:29 - INFO - [TPE_IN] Average regret: 0.4633, Best regret: 0.0222, Score spread: 0.1735, Mahalanobis distance: 3.6037, Gen var: 0.6768, Log likelihood: -10.8810
2024-11-29 04:36:29 - INFO - [TPE_MULTI] Average regret: 0.4156, Best regret: 0.0000, Score spread: 0.1703, Mahalanobis distance: 3.5129, Gen var: 0.8759, Log likelihood: -10.7274
2024-11-29 04:36:30 - INFO - [RANDOM] Average regret: 0.8211, Best regret: 0.0222, Score spread: 0.1420, Mahalanobis distance: 4.9485, Gen var: 6.5714, Log likelihood: -14.8592
2024-11-29 04:36:32 - INFO - [LLAMBO] Average regret: 0.1167, Best regret: 0.0222, Score spread: 0.0213, Mahalanobis distance: 2.0574, Gen var: 0.0000, Log likelihood: -8.2490
2024-11-29 04:36:32 - INFO - Running cot with 300
2024-11-29 04:36:55 - INFO - [LLAMBO_CoT_300] Average regret: 0.1287, Best regret: 0.0889, Score spread: 0.0054, Mahalanobis distance: 2.0229, Gen var: 0.0000, Log likelihood: -8.1399
2024-11-29 04:36:55 - INFO - Running cot with 500
2024-11-29 04:37:20 - INFO - [LLAMBO_CoT_500] Average regret: 0.1242, Best regret: 0.0222, Score spread: 0.0148, Mahalanobis distance: 2.0518, Gen var: 0.0000, Log likelihood: -8.0311
2024-11-29 04:37:20 - INFO - Running cot with 700
2024-11-29 04:37:43 - INFO - [LLAMBO_CoT_700] Average regret: 0.1146, Best regret: 0.0222, Score spread: 0.0174, Mahalanobis distance: 2.0431, Gen var: 0.0000, Log likelihood: -8.2137
2024-11-29 04:37:43 - INFO - Running cot with 1000
2024-11-29 04:38:04 - INFO - [LLAMBO_CoT_1000] Average regret: 0.1287, Best regret: 0.0222, Score spread: 0.0116, Mahalanobis distance: 2.1766, Gen var: 0.0000, Log likelihood: -8.1034
2024-11-29 04:38:04 - INFO - ========================================================================================================================================================================================================
2024-11-29 04:38:04 - INFO - Evaluating sampling with seed 4...
2024-11-29 04:38:04 - INFO - [TPE_IN] Average regret: 0.2878, Best regret: 0.0000, Score spread: 0.1433, Mahalanobis distance: 4.2019, Gen var: 0.9702, Log likelihood: -9.8916
2024-11-29 04:38:04 - INFO - [TPE_MULTI] Average regret: 0.2822, Best regret: 0.0000, Score spread: 0.1426, Mahalanobis distance: 3.3363, Gen var: 0.5580, Log likelihood: -9.4417
2024-11-29 04:38:05 - INFO - [RANDOM] Average regret: 0.7300, Best regret: 0.0000, Score spread: 0.1631, Mahalanobis distance: 5.5267, Gen var: 7.9865, Log likelihood: -13.7454
2024-11-29 04:38:08 - INFO - [LLAMBO] Average regret: 0.1651, Best regret: 0.0667, Score spread: 0.0181, Mahalanobis distance: 2.5644, Gen var: 0.0000, Log likelihood: -8.0876
2024-11-29 04:38:08 - INFO - Running cot with 300
2024-11-29 04:38:23 - INFO - [LLAMBO_CoT_300] Average regret: 0.2058, Best regret: 0.1333, Score spread: 0.0751, Mahalanobis distance: 2.6038, Gen var: 0.0000, Log likelihood: -7.9849
2024-11-29 04:38:23 - INFO - Running cot with 500
2024-11-29 04:38:42 - INFO - [LLAMBO_CoT_500] Average regret: 0.1568, Best regret: 0.1111, Score spread: 0.0122, Mahalanobis distance: 2.5367, Gen var: 0.0000, Log likelihood: -7.8775
2024-11-29 04:38:42 - INFO - Running cot with 700
2024-11-29 04:39:09 - INFO - [LLAMBO_CoT_700] Average regret: 0.1357, Best regret: 0.1111, Score spread: 0.0063, Mahalanobis distance: 2.6107, Gen var: 0.0000, Log likelihood: -7.7470
2024-11-29 04:39:09 - INFO - Running cot with 1000
2024-11-29 04:39:32 - INFO - [LLAMBO_CoT_1000] Average regret: 0.1481, Best regret: 0.1111, Score spread: 0.0072, Mahalanobis distance: 2.5920, Gen var: 0.0000, Log likelihood: -7.8217
2024-11-29 04:39:32 - INFO - ========================================================================================================================================================================================================
2024-11-29 04:39:32 - INFO - [LLAMBO] 5 evaluation runs complete! Total cost: $0.0460
