2024-11-29 04:39:51 - INFO - ========================================================================================================================================================================================================
2024-11-29 04:39:51 - INFO - Evaluating sampling with seed 0...
2024-11-29 04:39:51 - INFO - [TPE_IN] Average regret: 0.2111, Best regret: 0.0000, Score spread: 0.1326, Mahalanobis distance: 3.5438, Gen var: 0.6956, Log likelihood: -9.6086
2024-11-29 04:39:52 - INFO - [TPE_MULTI] Average regret: 0.2700, Best regret: 0.0000, Score spread: 0.1447, Mahalanobis distance: 3.0493, Gen var: 0.8613, Log likelihood: -9.7959
2024-11-29 04:39:52 - INFO - [RANDOM] Average regret: 0.7733, Best regret: 0.0000, Score spread: 0.1557, Mahalanobis distance: 5.8208, Gen var: 47.7665, Log likelihood: -19.2436
2024-11-29 04:39:55 - INFO - [LLAMBO] Average regret: 0.1917, Best regret: 0.1333, Score spread: 0.0148, Mahalanobis distance: 2.5132, Gen var: 0.0000, Log likelihood: -9.2224
2024-11-29 04:39:55 - INFO - Running cot with 300
2024-11-29 04:40:11 - INFO - [LLAMBO_CoT_300] Average regret: 0.1543, Best regret: 0.0444, Score spread: 0.0193, Mahalanobis distance: 2.4801, Gen var: 0.0000, Log likelihood: -9.0674
2024-11-29 04:40:11 - INFO - Running cot with 500
2024-11-29 04:40:32 - INFO - [LLAMBO_CoT_500] Average regret: 0.1236, Best regret: 0.0444, Score spread: 0.0128, Mahalanobis distance: 2.6566, Gen var: 0.0000, Log likelihood: -8.4422
2024-11-29 04:40:32 - INFO - Running cot with 700
2024-11-29 04:40:55 - INFO - [LLAMBO_CoT_700] Average regret: 0.1481, Best regret: 0.0889, Score spread: 0.0175, Mahalanobis distance: 2.4736, Gen var: 0.0000, Log likelihood: -8.4662
2024-11-29 04:40:55 - INFO - Running cot with 1000
2024-11-29 04:41:13 - INFO - [LLAMBO_CoT_1000] Average regret: 0.1289, Best regret: 0.0222, Score spread: 0.0185, Mahalanobis distance: 2.6263, Gen var: 0.0000, Log likelihood: -8.8844
2024-11-29 04:41:13 - INFO - ========================================================================================================================================================================================================
2024-11-29 04:41:13 - INFO - Evaluating sampling with seed 1...
2024-11-29 04:41:13 - INFO - [TPE_IN] Average regret: 0.2833, Best regret: 0.0000, Score spread: 0.1441, Mahalanobis distance: 2.6692, Gen var: 0.2975, Log likelihood: -9.6348
2024-11-29 04:41:14 - INFO - [TPE_MULTI] Average regret: 0.2211, Best regret: 0.0000, Score spread: 0.1307, Mahalanobis distance: 2.6235, Gen var: 0.1966, Log likelihood: -9.3961
2024-11-29 04:41:14 - INFO - [RANDOM] Average regret: 0.8311, Best regret: 0.0889, Score spread: 0.1336, Mahalanobis distance: 4.4494, Gen var: 13.0991, Log likelihood: -15.7113
2024-11-29 04:41:17 - INFO - [LLAMBO] Average regret: 0.1709, Best regret: 0.0889, Score spread: 0.0143, Mahalanobis distance: 1.9666, Gen var: 0.0000, Log likelihood: -6.9178
2024-11-29 04:41:17 - INFO - Running cot with 300
2024-11-29 04:41:32 - INFO - [LLAMBO_CoT_300] Average regret: 0.1852, Best regret: 0.0222, Score spread: 0.0794, Mahalanobis distance: 1.9001, Gen var: 0.0000, Log likelihood: -7.7222
2024-11-29 04:41:32 - INFO - Running cot with 500
2024-11-29 04:41:52 - INFO - [LLAMBO_CoT_500] Average regret: 0.1425, Best regret: 0.0222, Score spread: 0.0154, Mahalanobis distance: 1.7008, Gen var: 0.0000, Log likelihood: -6.9796
2024-11-29 04:41:52 - INFO - Running cot with 700
2024-11-29 04:42:13 - INFO - [LLAMBO_CoT_700] Average regret: 0.1309, Best regret: 0.0222, Score spread: 0.0180, Mahalanobis distance: 1.8090, Gen var: 0.0000, Log likelihood: -7.3036
2024-11-29 04:42:13 - INFO - Running cot with 1000
2024-11-29 04:42:50 - INFO - [LLAMBO_CoT_1000] Average regret: 0.2014, Best regret: 0.1111, Score spread: 0.0821, Mahalanobis distance: 1.9013, Gen var: 0.0000, Log likelihood: -7.4479
2024-11-29 04:42:50 - INFO - ========================================================================================================================================================================================================
2024-11-29 04:42:50 - INFO - Evaluating sampling with seed 2...
2024-11-29 04:42:51 - INFO - [TPE_IN] Average regret: 0.2222, Best regret: 0.0000, Score spread: 0.1304, Mahalanobis distance: 2.7013, Gen var: 0.2087, Log likelihood: -9.6335
2024-11-29 04:42:51 - INFO - [TPE_MULTI] Average regret: 0.1922, Best regret: 0.0444, Score spread: 0.1073, Mahalanobis distance: 2.6388, Gen var: 0.2528, Log likelihood: -9.3151
2024-11-29 04:42:51 - INFO - [RANDOM] Average regret: 0.8689, Best regret: 0.0667, Score spread: 0.1234, Mahalanobis distance: 4.7210, Gen var: 24.0732, Log likelihood: -15.3356
2024-11-29 04:42:54 - INFO - [LLAMBO] Average regret: 0.1877, Best regret: 0.1333, Score spread: 0.0138, Mahalanobis distance: 2.9592, Gen var: 0.0000, Log likelihood: -10.2820
2024-11-29 04:42:54 - INFO - Running cot with 300
2024-11-29 04:43:08 - INFO - [LLAMBO_CoT_300] Average regret: 0.1444, Best regret: 0.0889, Score spread: 0.0107, Mahalanobis distance: 2.5189, Gen var: 0.0000, Log likelihood: -9.4609
2024-11-29 04:43:08 - INFO - Running cot with 500
2024-11-29 04:43:29 - INFO - [LLAMBO_CoT_500] Average regret: 0.1255, Best regret: 0.0222, Score spread: 0.0147, Mahalanobis distance: 2.5510, Gen var: 0.0000, Log likelihood: -9.2759
2024-11-29 04:43:29 - INFO - Running cot with 700
2024-11-29 04:43:47 - INFO - [LLAMBO_CoT_700] Average regret: 0.1417, Best regret: 0.1111, Score spread: 0.0081, Mahalanobis distance: 2.6046, Gen var: 0.0000, Log likelihood: -9.4620
2024-11-29 04:43:47 - INFO - Running cot with 1000
2024-11-29 04:44:10 - INFO - [LLAMBO_CoT_1000] Average regret: 0.1346, Best regret: 0.0889, Score spread: 0.0097, Mahalanobis distance: 2.6022, Gen var: 0.0000, Log likelihood: -9.2247
2024-11-29 04:44:10 - INFO - ========================================================================================================================================================================================================
2024-11-29 04:44:10 - INFO - Evaluating sampling with seed 3...
2024-11-29 04:44:10 - INFO - [TPE_IN] Average regret: 0.3267, Best regret: 0.0000, Score spread: 0.1555, Mahalanobis distance: 2.9177, Gen var: 0.3298, Log likelihood: -9.2377
2024-11-29 04:44:10 - INFO - [TPE_MULTI] Average regret: 0.1933, Best regret: 0.0000, Score spread: 0.1073, Mahalanobis distance: 2.4671, Gen var: 0.0843, Log likelihood: -8.4301
2024-11-29 04:44:11 - INFO - [RANDOM] Average regret: 0.8211, Best regret: 0.0222, Score spread: 0.1420, Mahalanobis distance: 3.9715, Gen var: 5.1234, Log likelihood: -13.2073
2024-11-29 04:44:13 - INFO - [LLAMBO] Average regret: 0.1730, Best regret: 0.1333, Score spread: 0.0133, Mahalanobis distance: 2.2664, Gen var: 0.0000, Log likelihood: -7.8564
2024-11-29 04:44:13 - INFO - Running cot with 300
2024-11-29 04:44:34 - INFO - [LLAMBO_CoT_300] Average regret: 0.1500, Best regret: 0.1333, Score spread: 0.0118, Mahalanobis distance: 2.2810, Gen var: 0.0000, Log likelihood: -7.5802
2024-11-29 04:44:34 - INFO - Running cot with 500
2024-11-29 04:44:49 - INFO - [LLAMBO_CoT_500] Average regret: 0.1630, Best regret: 0.1111, Score spread: 0.0194, Mahalanobis distance: 2.2142, Gen var: 0.0000, Log likelihood: -7.6401
2024-11-29 04:44:49 - INFO - Running cot with 700
2024-11-29 04:45:07 - INFO - [LLAMBO_CoT_700] Average regret: 0.1412, Best regret: 0.1111, Score spread: 0.0079, Mahalanobis distance: 2.2584, Gen var: 0.0000, Log likelihood: -7.6845
2024-11-29 04:45:07 - INFO - Running cot with 1000
