2024-11-29 05:17:42 - INFO - ========================================================================================================================================================================================================
2024-11-29 05:17:42 - INFO - Evaluating sampling with seed 0...
2024-11-29 05:17:42 - INFO - [TPE_IN] Average regret: 0.3625, Best regret: 0.1000, Score spread: 0.1832, Mahalanobis distance: 2.4633, Gen var: 0.3006, Log likelihood: -8.8970
2024-11-29 05:17:43 - INFO - [TPE_MULTI] Average regret: 0.3175, Best regret: 0.1000, Score spread: 0.1055, Mahalanobis distance: 2.4831, Gen var: 0.2184, Log likelihood: -8.5778
2024-11-29 05:17:43 - INFO - [RANDOM] Average regret: 0.8375, Best regret: 0.1500, Score spread: 0.1662, Mahalanobis distance: 3.8729, Gen var: 15.3341, Log likelihood: -13.4530
2024-11-29 05:17:46 - INFO - [LLAMBO] Average regret: 0.1775, Best regret: 0.1000, Score spread: 0.0426, Mahalanobis distance: 1.9721, Gen var: 0.0000, Log likelihood: -8.4839
2024-11-29 05:17:46 - INFO - Running cot with 300
2024-11-29 05:18:02 - INFO - [LLAMBO_CoT_300] Average regret: 0.2294, Best regret: 0.1000, Score spread: 0.0522, Mahalanobis distance: 1.9688, Gen var: 0.0000, Log likelihood: -8.2376
2024-11-29 05:18:02 - INFO - Running cot with 500
2024-11-29 05:18:20 - INFO - [LLAMBO_CoT_500] Average regret: 0.1816, Best regret: 0.1000, Score spread: 0.0535, Mahalanobis distance: 2.0124, Gen var: 0.0000, Log likelihood: -8.1950
2024-11-29 05:18:20 - INFO - Running cot with 700
2024-11-29 05:18:46 - INFO - [LLAMBO_CoT_700] Average regret: 0.1658, Best regret: 0.1000, Score spread: 0.0414, Mahalanobis distance: 2.0626, Gen var: 0.0000, Log likelihood: -8.0930
2024-11-29 05:18:46 - INFO - Running cot with 1000
2024-11-29 05:19:07 - INFO - [LLAMBO_CoT_1000] Average regret: 0.1588, Best regret: 0.0500, Score spread: 0.0497, Mahalanobis distance: 2.1032, Gen var: 0.0000, Log likelihood: -8.0182
2024-11-29 05:19:07 - INFO - ========================================================================================================================================================================================================
2024-11-29 05:19:07 - INFO - Evaluating sampling with seed 1...
2024-11-29 05:19:07 - INFO - [TPE_IN] Average regret: 0.3675, Best regret: 0.1000, Score spread: 0.2059, Mahalanobis distance: 2.4683, Gen var: 0.0252, Log likelihood: -8.2949
2024-11-29 05:19:07 - INFO - [TPE_MULTI] Average regret: 0.3450, Best regret: 0.0500, Score spread: 0.1719, Mahalanobis distance: 2.7298, Gen var: 0.1857, Log likelihood: -8.4668
2024-11-29 05:19:08 - INFO - [RANDOM] Average regret: 0.8675, Best regret: 0.1500, Score spread: 0.1504, Mahalanobis distance: 4.2223, Gen var: 12.1479, Log likelihood: -13.4974
2024-11-29 05:19:16 - INFO - [LLAMBO] Average regret: 0.1875, Best regret: 0.1000, Score spread: 0.0519, Mahalanobis distance: 2.6589, Gen var: 0.0000, Log likelihood: -7.7941
2024-11-29 05:19:16 - INFO - Running cot with 300
2024-11-29 05:19:43 - INFO - [LLAMBO_CoT_300] Average regret: 0.1600, Best regret: 0.1000, Score spread: 0.0427, Mahalanobis distance: 2.2591, Gen var: 0.0000, Log likelihood: -7.7701
2024-11-29 05:19:43 - INFO - Running cot with 500
2024-11-29 05:20:06 - INFO - [LLAMBO_CoT_500] Average regret: 0.1806, Best regret: 0.1000, Score spread: 0.0557, Mahalanobis distance: 2.3535, Gen var: 0.0000, Log likelihood: -7.9688
2024-11-29 05:20:06 - INFO - Running cot with 700
2024-11-29 05:20:25 - INFO - [LLAMBO_CoT_700] Average regret: 0.1900, Best regret: 0.1000, Score spread: 0.0584, Mahalanobis distance: 2.3889, Gen var: 0.0000, Log likelihood: -7.8227
2024-11-29 05:20:25 - INFO - Running cot with 1000
2024-11-29 05:20:51 - INFO - [LLAMBO_CoT_1000] Average regret: 0.1633, Best regret: 0.1000, Score spread: 0.0412, Mahalanobis distance: 2.3758, Gen var: 0.0000, Log likelihood: -7.8109
2024-11-29 05:20:51 - INFO - ========================================================================================================================================================================================================
2024-11-29 05:20:51 - INFO - Evaluating sampling with seed 2...
2024-11-29 05:20:51 - INFO - [TPE_IN] Average regret: 0.3450, Best regret: 0.1000, Score spread: 0.1615, Mahalanobis distance: 2.7398, Gen var: 0.0740, Log likelihood: -8.5089
2024-11-29 05:20:52 - INFO - [TPE_MULTI] Average regret: 0.2850, Best regret: 0.0500, Score spread: 0.1428, Mahalanobis distance: 2.6218, Gen var: 0.0648, Log likelihood: -8.5910
2024-11-29 05:20:52 - INFO - [RANDOM] Average regret: 0.9025, Best regret: 0.3000, Score spread: 0.1292, Mahalanobis distance: 4.9273, Gen var: 25.7104, Log likelihood: -14.7728
2024-11-29 05:21:01 - INFO - [LLAMBO] Average regret: 0.2050, Best regret: 0.1000, Score spread: 0.0582, Mahalanobis distance: 2.7159, Gen var: 0.0000, Log likelihood: -8.2100
2024-11-29 05:21:01 - INFO - Running cot with 300
2024-11-29 05:21:25 - INFO - [LLAMBO_CoT_300] Average regret: 0.1816, Best regret: 0.1000, Score spread: 0.0495, Mahalanobis distance: 2.3709, Gen var: 0.0000, Log likelihood: -7.7472
2024-11-29 05:21:25 - INFO - Running cot with 500
2024-11-29 05:21:51 - INFO - [LLAMBO_CoT_500] Average regret: 0.1722, Best regret: 0.1000, Score spread: 0.0474, Mahalanobis distance: 2.2337, Gen var: 0.0000, Log likelihood: -7.5940
2024-11-29 05:21:51 - INFO - Running cot with 700
2024-11-29 05:22:23 - INFO - [LLAMBO_CoT_700] Average regret: 0.1861, Best regret: 0.1000, Score spread: 0.0546, Mahalanobis distance: 2.4418, Gen var: 0.0000, Log likelihood: -7.7892
2024-11-29 05:22:23 - INFO - Running cot with 1000
2024-11-29 05:22:44 - INFO - [LLAMBO_CoT_1000] Average regret: 0.2000, Best regret: 0.1000, Score spread: 0.0549, Mahalanobis distance: 2.2818, Gen var: 0.0000, Log likelihood: -7.5477
2024-11-29 05:22:44 - INFO - ========================================================================================================================================================================================================
2024-11-29 05:22:44 - INFO - Evaluating sampling with seed 3...
2024-11-29 05:22:44 - INFO - [TPE_IN] Average regret: 0.3425, Best regret: 0.0500, Score spread: 0.1887, Mahalanobis distance: 2.6556, Gen var: 0.0403, Log likelihood: -8.2671
2024-11-29 05:22:44 - INFO - [TPE_MULTI] Average regret: 0.2900, Best regret: 0.0500, Score spread: 0.1442, Mahalanobis distance: 2.3213, Gen var: 0.0164, Log likelihood: -7.9712
2024-11-29 05:22:45 - INFO - [RANDOM] Average regret: 0.8400, Best regret: 0.1000, Score spread: 0.1801, Mahalanobis distance: 5.2034, Gen var: 5.4519, Log likelihood: -14.4012
2024-11-29 05:22:48 - INFO - [LLAMBO] Average regret: 0.1850, Best regret: 0.1000, Score spread: 0.0549, Mahalanobis distance: 2.3598, Gen var: 0.0000, Log likelihood: -8.2188
2024-11-29 05:22:48 - INFO - Running cot with 300
2024-11-29 05:23:09 - INFO - [LLAMBO_CoT_300] Average regret: 0.2075, Best regret: 0.1000, Score spread: 0.0522, Mahalanobis distance: 2.3210, Gen var: 0.0000, Log likelihood: -7.8448
2024-11-29 05:23:09 - INFO - Running cot with 500
2024-11-29 05:23:43 - INFO - [LLAMBO_CoT_500] Average regret: 0.1947, Best regret: 0.1000, Score spread: 0.0517, Mahalanobis distance: 2.2029, Gen var: 0.0000, Log likelihood: -7.5981
2024-11-29 05:23:43 - INFO - Running cot with 700
2024-11-29 05:24:06 - INFO - [LLAMBO_CoT_700] Average regret: 0.1150, Best regret: 0.1000, Score spread: 0.0155, Mahalanobis distance: 2.2954, Gen var: 0.0000, Log likelihood: -7.7881
2024-11-29 05:24:06 - INFO - Running cot with 1000
2024-11-29 05:24:26 - INFO - [LLAMBO_CoT_1000] Average regret: 0.1806, Best regret: 0.1000, Score spread: 0.0525, Mahalanobis distance: 2.2111, Gen var: 0.0000, Log likelihood: -7.6293
2024-11-29 05:24:26 - INFO - ========================================================================================================================================================================================================
2024-11-29 05:24:26 - INFO - Evaluating sampling with seed 4...
2024-11-29 05:24:26 - INFO - [TPE_IN] Average regret: 0.3900, Best regret: 0.0000, Score spread: 0.2031, Mahalanobis distance: 2.9870, Gen var: 0.1462, Log likelihood: -9.2988
2024-11-29 05:24:27 - INFO - [TPE_MULTI] Average regret: 0.2875, Best regret: 0.1000, Score spread: 0.1408, Mahalanobis distance: 2.8260, Gen var: 0.1097, Log likelihood: -8.4957
2024-11-29 05:24:27 - INFO - [RANDOM] Average regret: 0.7875, Best regret: 0.2500, Score spread: 0.1650, Mahalanobis distance: 4.1176, Gen var: 6.7441, Log likelihood: -12.3009
2024-11-29 05:24:35 - INFO - [LLAMBO] Average regret: 0.2211, Best regret: 0.1000, Score spread: 0.0512, Mahalanobis distance: 2.0317, Gen var: 0.0000, Log likelihood: -8.0331
2024-11-29 05:24:35 - INFO - Running cot with 300
2024-11-29 05:25:04 - INFO - [LLAMBO_CoT_300] Average regret: 0.2333, Best regret: 0.1000, Score spread: 0.0548, Mahalanobis distance: 2.2338, Gen var: 0.0000, Log likelihood: -7.7793
2024-11-29 05:25:04 - INFO - Running cot with 500
2024-11-29 05:25:25 - INFO - [LLAMBO_CoT_500] Average regret: 0.2500, Best regret: 0.1000, Score spread: 0.1087, Mahalanobis distance: 2.0920, Gen var: 0.0000, Log likelihood: -7.7614
2024-11-29 05:25:25 - INFO - Running cot with 700
2024-11-29 05:25:50 - INFO - [LLAMBO_CoT_700] Average regret: 0.2075, Best regret: 0.1000, Score spread: 0.0499, Mahalanobis distance: 2.2623, Gen var: 0.0000, Log likelihood: -7.8939
2024-11-29 05:25:50 - INFO - Running cot with 1000
2024-11-29 05:26:30 - INFO - [LLAMBO_CoT_1000] Average regret: 0.2219, Best regret: 0.1000, Score spread: 0.0510, Mahalanobis distance: 2.0718, Gen var: 0.0000, Log likelihood: -7.9775
2024-11-29 05:26:30 - INFO - ========================================================================================================================================================================================================
2024-11-29 05:26:30 - INFO - [LLAMBO] 5 evaluation runs complete! Total cost: $0.0938
