2024-11-29 20:29:55 - INFO - ========================================================================================================================================================================================================
2024-11-29 20:29:55 - INFO - Evaluating sampling with seed 0...
2024-11-29 20:29:56 - INFO - [TPE_IN] Average regret: 0.3441, Best regret: 0.0039, Score spread: 0.0926, Mahalanobis distance: 2.3551, Gen var: 0.0223, Log likelihood: -8.7305
2024-11-29 20:29:56 - INFO - [TPE_MULTI] Average regret: 0.3316, Best regret: 0.0169, Score spread: 0.0839, Mahalanobis distance: 2.2938, Gen var: 0.0256, Log likelihood: -8.2884
2024-11-29 20:29:56 - INFO - [RANDOM] Average regret: 0.7808, Best regret: 0.0156, Score spread: 0.0901, Mahalanobis distance: 3.6336, Gen var: 5.5281, Log likelihood: -11.7590
2024-11-29 20:30:00 - INFO - [LLAMBO] Average regret: 0.1215, Best regret: 0.0141, Score spread: 0.0531, Mahalanobis distance: 2.0082, Gen var: 0.0000, Log likelihood: -8.4210
2024-11-29 20:30:00 - INFO - Running cot with 500
2024-11-29 20:30:20 - INFO - [LLAMBO_CoT_500] Average regret: 0.1085, Best regret: 0.0137, Score spread: 0.0172, Mahalanobis distance: 2.2344, Gen var: 0.0000, Log likelihood: -7.8029
2024-11-29 20:30:20 - INFO - Running cot with 1000
2024-11-29 20:30:38 - INFO - [LLAMBO_CoT_1000] Average regret: 0.0948, Best regret: 0.0000, Score spread: 0.0128, Mahalanobis distance: 1.9994, Gen var: 0.0000, Log likelihood: -7.8000
2024-11-29 20:30:38 - INFO - Running cot with 2000
2024-11-29 20:31:09 - INFO - [LLAMBO_CoT_2000] Average regret: 0.0914, Best regret: 0.0137, Score spread: 0.0117, Mahalanobis distance: 2.0239, Gen var: 0.0000, Log likelihood: -7.9472
2024-11-29 20:31:09 - INFO - Running cot with 3000
2024-11-29 20:31:35 - INFO - [LLAMBO_CoT_3000] Average regret: 0.1004, Best regret: 0.0269, Score spread: 0.0116, Mahalanobis distance: 1.9389, Gen var: 0.0000, Log likelihood: -7.9531
2024-11-29 20:31:35 - INFO - ========================================================================================================================================================================================================
2024-11-29 20:31:35 - INFO - Evaluating sampling with seed 1...
2024-11-29 20:31:35 - INFO - [TPE_IN] Average regret: 0.3937, Best regret: 0.0032, Score spread: 0.0945, Mahalanobis distance: 2.6934, Gen var: 0.4110, Log likelihood: -9.3995
2024-11-29 20:31:35 - INFO - [TPE_MULTI] Average regret: 0.3174, Best regret: 0.0119, Score spread: 0.0787, Mahalanobis distance: 2.2545, Gen var: 0.1069, Log likelihood: -8.4804
2024-11-29 20:31:36 - INFO - [RANDOM] Average regret: 0.8495, Best regret: 0.0060, Score spread: 0.0751, Mahalanobis distance: 4.2574, Gen var: 18.0812, Log likelihood: -14.6448
2024-11-29 20:31:39 - INFO - [LLAMBO] Average regret: 0.0721, Best regret: 0.0000, Score spread: 0.0137, Mahalanobis distance: 1.7613, Gen var: 0.0000, Log likelihood: -8.3352
2024-11-29 20:31:39 - INFO - Running cot with 500
2024-11-29 20:32:07 - INFO - [LLAMBO_CoT_500] Average regret: 0.1084, Best regret: 0.0137, Score spread: 0.0195, Mahalanobis distance: 1.8225, Gen var: 0.0000, Log likelihood: -8.3894
2024-11-29 20:32:07 - INFO - Running cot with 1000
2024-11-29 20:32:50 - INFO - [LLAMBO_CoT_1000] Average regret: 0.0588, Best regret: 0.0087, Score spread: 0.0092, Mahalanobis distance: 1.7705, Gen var: 0.0000, Log likelihood: -8.5854
2024-11-29 20:32:50 - INFO - Running cot with 2000
2024-11-29 20:33:15 - INFO - [LLAMBO_CoT_2000] Average regret: 0.0664, Best regret: 0.0249, Score spread: 0.0078, Mahalanobis distance: 1.7815, Gen var: 0.0000, Log likelihood: -8.3928
2024-11-29 20:33:15 - INFO - Running cot with 3000
2024-11-29 20:33:44 - INFO - [LLAMBO_CoT_3000] Average regret: 0.0755, Best regret: 0.0113, Score spread: 0.0103, Mahalanobis distance: 1.7213, Gen var: 0.0000, Log likelihood: -8.3518
2024-11-29 20:33:44 - INFO - ========================================================================================================================================================================================================
2024-11-29 20:33:44 - INFO - Evaluating sampling with seed 2...
2024-11-29 20:33:44 - INFO - [TPE_IN] Average regret: 0.2877, Best regret: 0.0218, Score spread: 0.0876, Mahalanobis distance: 2.3319, Gen var: 0.0499, Log likelihood: -8.7990
2024-11-29 20:33:44 - INFO - [TPE_MULTI] Average regret: 0.3227, Best regret: 0.0000, Score spread: 0.0824, Mahalanobis distance: 2.2650, Gen var: 0.0803, Log likelihood: -7.9757
2024-11-29 20:33:44 - INFO - [RANDOM] Average regret: 0.8637, Best regret: 0.2859, Score spread: 0.0580, Mahalanobis distance: 3.3824, Gen var: 4.9214, Log likelihood: -11.5540
2024-11-29 20:33:48 - INFO - [LLAMBO] Average regret: 0.1444, Best regret: 0.0113, Score spread: 0.0121, Mahalanobis distance: 1.6353, Gen var: 0.0000, Log likelihood: -7.6810
2024-11-29 20:33:48 - INFO - Running cot with 500
2024-11-29 20:34:08 - INFO - [LLAMBO_CoT_500] Average regret: 0.1247, Best regret: 0.0137, Score spread: 0.0184, Mahalanobis distance: 1.7140, Gen var: 0.0000, Log likelihood: -7.9503
2024-11-29 20:34:08 - INFO - Running cot with 1000
2024-11-29 20:34:48 - INFO - [LLAMBO_CoT_1000] Average regret: 0.1458, Best regret: 0.0789, Score spread: 0.0092, Mahalanobis distance: 1.6988, Gen var: 0.0000, Log likelihood: -7.6629
2024-11-29 20:34:48 - INFO - Running cot with 2000
2024-11-29 20:35:13 - INFO - [LLAMBO_CoT_2000] Average regret: 0.1052, Best regret: 0.0234, Score spread: 0.0212, Mahalanobis distance: 1.9985, Gen var: 0.0000, Log likelihood: -7.9230
2024-11-29 20:35:13 - INFO - Running cot with 3000
2024-11-29 20:36:04 - INFO - [LLAMBO_CoT_3000] Average regret: 0.1487, Best regret: 0.0531, Score spread: 0.0197, Mahalanobis distance: 1.9027, Gen var: 0.0000, Log likelihood: -7.7660
2024-11-29 20:36:04 - INFO - ========================================================================================================================================================================================================
2024-11-29 20:36:04 - INFO - Evaluating sampling with seed 3...
2024-11-29 20:36:04 - INFO - [TPE_IN] Average regret: 0.3105, Best regret: 0.0000, Score spread: 0.0903, Mahalanobis distance: 2.2310, Gen var: 0.0104, Log likelihood: -8.5573
2024-11-29 20:36:04 - INFO - [TPE_MULTI] Average regret: 0.2633, Best regret: 0.0000, Score spread: 0.0791, Mahalanobis distance: 2.5369, Gen var: 0.1187, Log likelihood: -8.3864
2024-11-29 20:36:04 - INFO - [RANDOM] Average regret: 0.8534, Best regret: 0.1093, Score spread: 0.0771, Mahalanobis distance: 3.8333, Gen var: 3.7839, Log likelihood: -12.3626
2024-11-29 20:36:08 - INFO - [LLAMBO] Average regret: 0.0916, Best regret: 0.0137, Score spread: 0.0110, Mahalanobis distance: 1.7372, Gen var: 0.0000, Log likelihood: -7.8273
2024-11-29 20:36:08 - INFO - Running cot with 500
2024-11-29 20:36:37 - INFO - [LLAMBO_CoT_500] Average regret: 0.0832, Best regret: 0.0000, Score spread: 0.0111, Mahalanobis distance: 1.8548, Gen var: 0.0000, Log likelihood: -7.6878
2024-11-29 20:36:37 - INFO - Running cot with 1000
2024-11-29 20:37:17 - INFO - [LLAMBO_CoT_1000] Average regret: 0.1069, Best regret: 0.0561, Score spread: 0.0112, Mahalanobis distance: 1.8671, Gen var: 0.0000, Log likelihood: -7.7236
2024-11-29 20:37:17 - INFO - Running cot with 2000
2024-11-29 20:37:44 - INFO - [LLAMBO_CoT_2000] Average regret: 0.0689, Best regret: 0.0000, Score spread: 0.0103, Mahalanobis distance: 1.7551, Gen var: 0.0000, Log likelihood: -7.8412
2024-11-29 20:37:44 - INFO - Running cot with 3000
2024-11-29 20:38:07 - INFO - [LLAMBO_CoT_3000] Average regret: 0.0804, Best regret: 0.0000, Score spread: 0.0109, Mahalanobis distance: 1.6647, Gen var: 0.0000, Log likelihood: -7.8128
2024-11-29 20:38:07 - INFO - ========================================================================================================================================================================================================
2024-11-29 20:38:07 - INFO - Evaluating sampling with seed 4...
2024-11-29 20:38:07 - INFO - [TPE_IN] Average regret: 0.4245, Best regret: 0.0209, Score spread: 0.1040, Mahalanobis distance: 2.6657, Gen var: 0.2907, Log likelihood: -9.7602
2024-11-29 20:38:08 - INFO - [TPE_MULTI] Average regret: 0.3228, Best regret: 0.0000, Score spread: 0.0930, Mahalanobis distance: 2.4957, Gen var: 0.0943, Log likelihood: -8.2523
2024-11-29 20:38:08 - INFO - [RANDOM] Average regret: 0.7353, Best regret: 0.1092, Score spread: 0.0838, Mahalanobis distance: 3.3754, Gen var: 5.3288, Log likelihood: -10.8555
2024-11-29 20:38:11 - INFO - [LLAMBO] Average regret: 0.1112, Best regret: 0.0234, Score spread: 0.0147, Mahalanobis distance: 1.8291, Gen var: 0.0000, Log likelihood: -8.3836
2024-11-29 20:38:11 - INFO - Running cot with 500
2024-11-29 20:38:39 - INFO - [LLAMBO_CoT_500] Average regret: 0.0734, Best regret: 0.0087, Score spread: 0.0168, Mahalanobis distance: 1.7880, Gen var: 0.0000, Log likelihood: -8.4051
2024-11-29 20:38:39 - INFO - Running cot with 1000
2024-11-29 20:39:09 - INFO - [LLAMBO_CoT_1000] Average regret: 0.0882, Best regret: 0.0137, Score spread: 0.0155, Mahalanobis distance: 1.7242, Gen var: 0.0000, Log likelihood: -8.2660
2024-11-29 20:39:09 - INFO - Running cot with 2000
2024-11-29 20:39:29 - INFO - [LLAMBO_CoT_2000] Average regret: 0.0898, Best regret: 0.0074, Score spread: 0.0155, Mahalanobis distance: 1.6746, Gen var: 0.0000, Log likelihood: -8.2122
2024-11-29 20:39:29 - INFO - Running cot with 3000
2024-11-29 20:39:53 - INFO - [LLAMBO_CoT_3000] Average regret: 0.1088, Best regret: 0.0269, Score spread: 0.0264, Mahalanobis distance: 2.2519, Gen var: 0.0000, Log likelihood: -9.3563
2024-11-29 20:39:53 - INFO - ========================================================================================================================================================================================================
2024-11-29 20:39:53 - INFO - [LLAMBO] 5 evaluation runs complete! Total cost: $0.0937
